                
2025-06-06 14:10:29 | INFO     | logger_config   | Logger initialized successfully!!!
2025-06-06 14:10:29 | INFO     | logger_config   | Logger initialized successfully!!!
2025-06-06 14:10:29 | INFO     | main            | 🔧 Logger Setup Complete!!
2025-06-06 14:10:29 | INFO     | main            | App is starting up...
2025-06-06 14:10:29 | INFO     | main            | Database tables checked/created successfully!!!
2025-06-06 14:10:43 | INFO     | logger_config   | Logger initialized successfully!!!
2025-06-06 14:10:43 | INFO     | logger_config   | Logger initialized successfully!!!
2025-06-06 14:10:43 | INFO     | main            | 🔧 Logger Setup Complete!!
2025-06-06 14:10:43 | INFO     | main            | App is starting up...
2025-06-06 14:10:44 | INFO     | main            | Database tables checked/created successfully!!!
2025-06-06 14:13:09 | INFO     | logger_config   | Logger initialized successfully!!!
2025-06-06 14:13:09 | INFO     | logger_config   | Logger initialized successfully!!!
2025-06-06 14:13:09 | INFO     | main            | 🔧 Logger Setup Complete!!
2025-06-06 14:13:09 | INFO     | main            | 🚀 App is starting up...
2025-06-06 14:13:09 | INFO     | main            | Database tables checked/created successfully!!!
2025-06-06 14:14:28 | INFO     | logger_config   | Logger initialized successfully!!!
2025-06-06 14:14:28 | INFO     | logger_config   | Logger initialized successfully!!!
2025-06-06 14:14:28 | INFO     | main            | 🔧 Logger Setup Complete!!
2025-06-06 14:14:28 | INFO     | main            | 🚀 App is starting up...
2025-06-06 14:14:28 | INFO     | main            | Database tables checked/created successfully!!!
2025-06-06 14:16:08 | INFO     | logger_config   | Logger initialized successfully!!!
2025-06-06 14:16:08 | INFO     | logger_config   | Logger initialized successfully!!!
2025-06-06 14:16:08 | INFO     | main            | 🔧 Logger Setup Complete!!
2025-06-06 14:16:08 | INFO     | main            | 🚀 App is starting up...
2025-06-06 14:16:08 | INFO     | main            | 💽 Database tables checked/created successfully!!!
2025-06-06 14:16:44 | INFO     | logger_config   | Logger initialized successfully!!!
2025-06-06 14:16:44 | INFO     | logger_config   | Logger initialized successfully!!!
2025-06-06 14:16:44 | INFO     | main            | 🔧 Logger Setup Complete!!
2025-06-06 14:16:44 | INFO     | main            | 🚀 App is starting up...
2025-06-06 14:16:44 | INFO     | main            | 💽 Database tables checked/created successfully!!!
2025-06-06 14:25:30 | INFO     | logger_config   | Logger initialized successfully!!!
2025-06-06 14:25:30 | INFO     | logger_config   | Logger initialized successfully!!!
2025-06-06 14:25:30 | INFO     | main            | 🔧 Logger Setup Complete!!
2025-06-06 14:25:30 | INFO     | main            | 🚀 App is starting up...
2025-06-06 14:25:30 | INFO     | main            | 💽 Database tables checked/created successfully!!!
2025-06-06 14:34:07 | INFO     | logger_config   | Logger initialized successfully!!!
2025-06-06 14:34:07 | INFO     | logger_config   | Logger initialized successfully!!!
2025-06-06 14:34:07 | INFO     | main            | 🔧 Logger Setup Complete!!
2025-06-06 14:34:07 | INFO     | main            | 🚀 App is starting up...
2025-06-06 14:34:07 | INFO     | main            | 💽 Database tables checked/created successfully!!!
2025-06-06 14:52:16 | INFO     | logger_config   | Logger initialized successfully!!!
2025-06-06 14:52:16 | INFO     | logger_config   | Logger initialized successfully!!!
2025-06-06 14:52:16 | INFO     | main            | 🔧 Logger Setup Complete!!
2025-06-06 14:52:16 | INFO     | main            | 🚀 App is starting up...
2025-06-06 14:52:16 | INFO     | main            | 💽 Database tables checked/created successfully!!!
2025-06-06 14:56:57 | INFO     | logger_config   | Logger initialized successfully!!!
2025-06-06 14:56:57 | INFO     | logger_config   | Logger initialized successfully!!!
2025-06-06 14:56:57 | INFO     | main            | 🔧 Logger Setup Complete!!
2025-06-06 14:56:57 | INFO     | main            | 🚀 App is starting up...
2025-06-06 14:56:57 | INFO     | main            | 💽 Database tables checked/created successfully!!!
2025-06-06 15:04:13 | INFO     | logger_config   | Logger initialized successfully!!!
2025-06-06 15:04:13 | INFO     | logger_config   | Logger initialized successfully!!!
2025-06-06 15:04:13 | INFO     | main            | 🔧 Logger Setup Complete!!
2025-06-06 15:04:13 | INFO     | main            | 🚀 App is starting up...
2025-06-06 15:04:13 | INFO     | main            | 💽 Database tables checked/created successfully!!!
2025-06-06 15:06:31 | INFO     | logger_config   | Logger initialized successfully!!!
2025-06-06 15:06:31 | INFO     | logger_config   | Logger initialized successfully!!!
2025-06-06 15:06:31 | INFO     | main            | 🔧 Logger Setup Complete!!
2025-06-06 15:06:31 | INFO     | main            | 🚀 App is starting up...
2025-06-06 15:06:31 | INFO     | main            | 💽 Database tables checked/created successfully!!!
2025-06-06 15:06:38 | INFO     | logger_config   | Logger initialized successfully!!!
2025-06-06 15:06:38 | INFO     | logger_config   | Logger initialized successfully!!!
2025-06-06 15:06:38 | INFO     | main            | 🔧 Logger Setup Complete!!
2025-06-06 15:06:38 | INFO     | main            | 🚀 App is starting up...
2025-06-06 15:06:38 | INFO     | main            | 💽 Database tables checked/created successfully!!!
2025-06-06 15:06:46 | INFO     | logger_config   | Logger initialized successfully!!!
2025-06-06 15:06:46 | INFO     | logger_config   | Logger initialized successfully!!!
2025-06-06 15:06:46 | INFO     | main            | 🔧 Logger Setup Complete!!
2025-06-06 15:06:46 | INFO     | main            | 🚀 App is starting up...
2025-06-06 15:06:46 | INFO     | main            | 💽 Database tables checked/created successfully!!!
2025-06-06 15:06:54 | INFO     | logger_config   | Logger initialized successfully!!!
2025-06-06 15:06:54 | INFO     | logger_config   | Logger initialized successfully!!!
2025-06-06 15:06:54 | INFO     | main            | 🔧 Logger Setup Complete!!
2025-06-06 15:06:54 | INFO     | main            | 🚀 App is starting up...
2025-06-06 15:06:54 | INFO     | main            | 💽 Database tables checked/created successfully!!!
2025-06-06 15:07:01 | INFO     | logger_config   | Logger initialized successfully!!!
2025-06-06 15:07:01 | INFO     | logger_config   | Logger initialized successfully!!!
2025-06-06 15:07:01 | INFO     | main            | 🔧 Logger Setup Complete!!
2025-06-06 15:07:01 | INFO     | main            | 🚀 App is starting up...
2025-06-06 15:07:01 | INFO     | main            | 💽 Database tables checked/created successfully!!!
2025-06-06 15:07:06 | INFO     | logger_config   | Logger initialized successfully!!!
2025-06-06 15:07:06 | INFO     | logger_config   | Logger initialized successfully!!!
2025-06-06 15:07:06 | INFO     | main            | 🔧 Logger Setup Complete!!
2025-06-06 15:07:06 | INFO     | main            | 🚀 App is starting up...
2025-06-06 15:07:06 | INFO     | main            | 💽 Database tables checked/created successfully!!!
2025-06-06 15:09:34 | INFO     | logger_config   | Logger initialized successfully!!!
2025-06-06 15:09:34 | INFO     | logger_config   | Logger initialized successfully!!!
2025-06-06 15:09:34 | INFO     | main            | 🔧 Logger Setup Complete!!
2025-06-06 15:09:34 | INFO     | main            | 🚀 App is starting up...
2025-06-06 15:09:34 | INFO     | main            | 💽 Database tables checked/created successfully!!!
2025-06-06 15:09:41 | INFO     | logger_config   | Logger initialized successfully!!!
2025-06-06 15:09:41 | INFO     | logger_config   | Logger initialized successfully!!!
2025-06-06 15:09:41 | INFO     | main            | 🔧 Logger Setup Complete!!
2025-06-06 15:09:41 | INFO     | main            | 🚀 App is starting up...
2025-06-06 15:09:41 | INFO     | main            | 💽 Database tables checked/created successfully!!!
2025-06-06 15:09:46 | INFO     | logger_config   | Logger initialized successfully!!!
2025-06-06 15:09:46 | INFO     | logger_config   | Logger initialized successfully!!!
2025-06-06 15:09:46 | INFO     | main            | 🔧 Logger Setup Complete!!
2025-06-06 15:09:46 | INFO     | main            | 🚀 App is starting up...
2025-06-06 15:09:46 | INFO     | main            | 💽 Database tables checked/created successfully!!!
2025-06-06 15:09:53 | INFO     | logger_config   | Logger initialized successfully!!!
2025-06-06 15:09:53 | INFO     | logger_config   | Logger initialized successfully!!!
2025-06-06 15:09:53 | INFO     | main            | 🔧 Logger Setup Complete!!
2025-06-06 15:09:53 | INFO     | main            | 🚀 App is starting up...
2025-06-06 15:09:53 | INFO     | main            | 💽 Database tables checked/created successfully!!!
2025-06-06 15:10:05 | INFO     | logger_config   | Logger initialized successfully!!!
2025-06-06 15:10:05 | INFO     | logger_config   | Logger initialized successfully!!!
2025-06-06 15:10:05 | INFO     | main            | 🔧 Logger Setup Complete!!
2025-06-06 15:10:05 | INFO     | main            | 🚀 App is starting up...
2025-06-06 15:10:05 | INFO     | main            | 💽 Database tables checked/created successfully!!!
2025-06-06 15:10:14 | INFO     | logger_config   | Logger initialized successfully!!!
2025-06-06 15:10:14 | INFO     | logger_config   | Logger initialized successfully!!!
2025-06-06 15:10:14 | INFO     | main            | 🔧 Logger Setup Complete!!
2025-06-06 15:10:14 | INFO     | main            | 🚀 App is starting up...
2025-06-06 15:10:15 | INFO     | main            | 💽 Database tables checked/created successfully!!!
2025-06-06 15:10:19 | INFO     | logger_config   | Logger initialized successfully!!!
2025-06-06 15:10:19 | INFO     | logger_config   | Logger initialized successfully!!!
2025-06-06 15:10:19 | INFO     | main            | 🔧 Logger Setup Complete!!
2025-06-06 15:10:19 | INFO     | main            | 🚀 App is starting up...
2025-06-06 15:10:19 | INFO     | main            | 💽 Database tables checked/created successfully!!!
2025-06-06 15:10:24 | INFO     | logger_config   | Logger initialized successfully!!!
2025-06-06 15:10:24 | INFO     | logger_config   | Logger initialized successfully!!!
2025-06-06 15:10:24 | INFO     | main            | 🔧 Logger Setup Complete!!
2025-06-06 15:10:24 | INFO     | main            | 🚀 App is starting up...
2025-06-06 15:10:24 | INFO     | main            | 💽 Database tables checked/created successfully!!!
2025-06-06 15:10:32 | INFO     | logger_config   | Logger initialized successfully!!!
2025-06-06 15:10:32 | INFO     | logger_config   | Logger initialized successfully!!!
2025-06-06 15:10:32 | INFO     | main            | 🔧 Logger Setup Complete!!
2025-06-06 15:10:32 | INFO     | main            | 🚀 App is starting up...
2025-06-06 15:10:32 | INFO     | main            | 💽 Database tables checked/created successfully!!!
2025-06-06 15:13:02 | INFO     | logger_config   | Logger initialized successfully!!!
2025-06-06 15:13:02 | INFO     | logger_config   | Logger initialized successfully!!!
2025-06-06 15:13:02 | INFO     | main            | 🔧 Logger Setup Complete!!
2025-06-06 15:13:02 | INFO     | main            | 🚀 App is starting up...
2025-06-06 15:13:03 | INFO     | main            | 💽 Database tables checked/created successfully!!!
2025-06-06 15:21:37 | INFO     | logger_config   | Logger initialized successfully!!!
2025-06-06 15:21:37 | INFO     | logger_config   | Logger initialized successfully!!!
2025-06-06 15:21:37 | INFO     | main            | 🔧 Logger Setup Complete!!
2025-06-06 15:21:37 | INFO     | main            | 🚀 App is starting up...
2025-06-06 15:21:37 | INFO     | main            | 💽 Database tables checked/created successfully!!!
2025-06-06 15:58:51 | INFO     | logger_config   | Logger initialized successfully!!!
2025-06-06 15:58:51 | INFO     | logger_config   | Logger initialized successfully!!!
2025-06-06 15:58:51 | INFO     | main            | 🔧 Logger Setup Complete!!
2025-06-06 15:58:51 | INFO     | main            | 🚀 App is starting up...
2025-06-06 15:58:51 | INFO     | main            | 💽 Database tables checked/created successfully!!!
2025-06-06 15:58:53 | INFO     | logger_config   | Logger initialized successfully!!!
2025-06-06 15:58:53 | INFO     | logger_config   | Logger initialized successfully!!!
2025-06-06 15:58:53 | INFO     | main            | 🔧 Logger Setup Complete!!
2025-06-06 15:58:53 | INFO     | main            | 🚀 App is starting up...
2025-06-06 15:58:53 | INFO     | main            | 💽 Database tables checked/created successfully!!!
2025-06-06 15:58:58 | INFO     | logger_config   | Logger initialized successfully!!!
2025-06-06 15:58:58 | INFO     | logger_config   | Logger initialized successfully!!!
2025-06-06 15:58:58 | INFO     | main            | 🔧 Logger Setup Complete!!
2025-06-06 15:58:58 | INFO     | main            | 🚀 App is starting up...
2025-06-06 15:58:58 | INFO     | main            | 💽 Database tables checked/created successfully!!!
2025-06-06 15:59:04 | INFO     | logger_config   | Logger initialized successfully!!!
2025-06-06 15:59:04 | INFO     | logger_config   | Logger initialized successfully!!!
2025-06-06 15:59:04 | INFO     | main            | 🔧 Logger Setup Complete!!
2025-06-06 15:59:04 | INFO     | main            | 🚀 App is starting up...
2025-06-06 15:59:05 | INFO     | main            | 💽 Database tables checked/created successfully!!!
2025-06-06 15:59:09 | INFO     | logger_config   | Logger initialized successfully!!!
2025-06-06 15:59:09 | INFO     | logger_config   | Logger initialized successfully!!!
2025-06-06 15:59:09 | INFO     | main            | 🔧 Logger Setup Complete!!
2025-06-06 15:59:09 | INFO     | main            | 🚀 App is starting up...
2025-06-06 15:59:09 | INFO     | main            | 💽 Database tables checked/created successfully!!!
2025-06-06 15:59:11 | INFO     | logger_config   | Logger initialized successfully!!!
2025-06-06 15:59:11 | INFO     | logger_config   | Logger initialized successfully!!!
2025-06-06 15:59:11 | INFO     | main            | 🔧 Logger Setup Complete!!
2025-06-06 15:59:11 | INFO     | main            | 🚀 App is starting up...
2025-06-06 15:59:11 | INFO     | main            | 💽 Database tables checked/created successfully!!!
2025-06-06 15:59:26 | INFO     | logger_config   | Logger initialized successfully!!!
2025-06-06 15:59:26 | INFO     | logger_config   | Logger initialized successfully!!!
2025-06-06 15:59:26 | INFO     | main            | 🔧 Logger Setup Complete!!
2025-06-06 15:59:26 | INFO     | main            | 🚀 App is starting up...
2025-06-06 15:59:26 | INFO     | main            | 💽 Database tables checked/created successfully!!!
2025-06-06 15:59:30 | INFO     | logger_config   | Logger initialized successfully!!!
2025-06-06 15:59:30 | INFO     | logger_config   | Logger initialized successfully!!!
2025-06-06 15:59:30 | INFO     | main            | 🔧 Logger Setup Complete!!
2025-06-06 15:59:30 | INFO     | main            | 🚀 App is starting up...
2025-06-06 15:59:30 | INFO     | main            | 💽 Database tables checked/created successfully!!!
2025-06-06 15:59:33 | INFO     | logger_config   | Logger initialized successfully!!!
2025-06-06 15:59:33 | INFO     | logger_config   | Logger initialized successfully!!!
2025-06-06 15:59:33 | INFO     | main            | 🔧 Logger Setup Complete!!
2025-06-06 15:59:33 | INFO     | main            | 🚀 App is starting up...
2025-06-06 15:59:33 | INFO     | main            | 💽 Database tables checked/created successfully!!!
2025-06-06 15:59:41 | INFO     | logger_config   | Logger initialized successfully!!!
2025-06-06 15:59:41 | INFO     | logger_config   | Logger initialized successfully!!!
2025-06-06 15:59:41 | INFO     | main            | 🔧 Logger Setup Complete!!
2025-06-06 15:59:41 | INFO     | main            | 🚀 App is starting up...
2025-06-06 15:59:42 | INFO     | main            | 💽 Database tables checked/created successfully!!!
2025-06-06 15:59:52 | INFO     | logger_config   | Logger initialized successfully!!!
2025-06-06 15:59:52 | INFO     | logger_config   | Logger initialized successfully!!!
2025-06-06 15:59:52 | INFO     | main            | 🔧 Logger Setup Complete!!
2025-06-06 15:59:52 | INFO     | main            | 🚀 App is starting up...
2025-06-06 15:59:52 | INFO     | main            | 💽 Database tables checked/created successfully!!!
2025-06-06 16:00:05 | INFO     | logger_config   | Logger initialized successfully!!!
2025-06-06 16:00:05 | INFO     | logger_config   | Logger initialized successfully!!!
2025-06-06 16:00:05 | INFO     | main            | 🔧 Logger Setup Complete!!
2025-06-06 16:00:05 | INFO     | main            | 🚀 App is starting up...
2025-06-06 16:00:05 | INFO     | main            | 💽 Database tables checked/created successfully!!!
2025-06-06 16:00:15 | INFO     | logger_config   | Logger initialized successfully!!!
2025-06-06 16:00:15 | INFO     | logger_config   | Logger initialized successfully!!!
2025-06-06 16:00:15 | INFO     | main            | 🔧 Logger Setup Complete!!
2025-06-06 16:00:15 | INFO     | main            | 🚀 App is starting up...
2025-06-06 16:00:15 | INFO     | main            | 💽 Database tables checked/created successfully!!!
2025-06-06 16:00:18 | INFO     | logger_config   | Logger initialized successfully!!!
2025-06-06 16:00:18 | INFO     | logger_config   | Logger initialized successfully!!!
2025-06-06 16:00:18 | INFO     | main            | 🔧 Logger Setup Complete!!
2025-06-06 16:00:18 | INFO     | main            | 🚀 App is starting up...
2025-06-06 16:00:18 | INFO     | main            | 💽 Database tables checked/created successfully!!!
2025-06-06 16:00:22 | INFO     | logger_config   | Logger initialized successfully!!!
2025-06-06 16:00:22 | INFO     | logger_config   | Logger initialized successfully!!!
2025-06-06 16:00:22 | INFO     | main            | 🔧 Logger Setup Complete!!
2025-06-06 16:00:22 | INFO     | main            | 🚀 App is starting up...
2025-06-06 16:00:22 | INFO     | main            | 💽 Database tables checked/created successfully!!!
2025-06-06 16:00:40 | INFO     | logger_config   | Logger initialized successfully!!!
2025-06-06 16:00:40 | INFO     | logger_config   | Logger initialized successfully!!!
2025-06-06 16:00:40 | INFO     | main            | 🔧 Logger Setup Complete!!
2025-06-06 16:00:40 | INFO     | main            | 🚀 App is starting up...
2025-06-06 16:00:40 | INFO     | main            | 💽 Database tables checked/created successfully!!!
2025-06-06 16:00:46 | INFO     | logger_config   | Logger initialized successfully!!!
2025-06-06 16:00:46 | INFO     | logger_config   | Logger initialized successfully!!!
2025-06-06 16:00:46 | INFO     | main            | 🔧 Logger Setup Complete!!
2025-06-06 16:00:46 | INFO     | main            | 🚀 App is starting up...
2025-06-06 16:00:46 | INFO     | main            | 💽 Database tables checked/created successfully!!!
2025-06-06 16:00:50 | INFO     | logger_config   | Logger initialized successfully!!!
2025-06-06 16:00:50 | INFO     | logger_config   | Logger initialized successfully!!!
2025-06-06 16:00:50 | INFO     | main            | 🔧 Logger Setup Complete!!
2025-06-06 16:00:50 | INFO     | main            | 🚀 App is starting up...
2025-06-06 16:00:50 | INFO     | main            | 💽 Database tables checked/created successfully!!!
2025-06-06 16:01:04 | INFO     | logger_config   | Logger initialized successfully!!!
2025-06-06 16:01:04 | INFO     | logger_config   | Logger initialized successfully!!!
2025-06-06 16:01:04 | INFO     | main            | 🔧 Logger Setup Complete!!
2025-06-06 16:01:04 | INFO     | main            | 🚀 App is starting up...
2025-06-06 16:01:04 | INFO     | main            | 💽 Database tables checked/created successfully!!!
2025-06-06 16:03:50 | INFO     | logger_config   | Logger initialized successfully!!!
2025-06-06 16:03:50 | INFO     | logger_config   | Logger initialized successfully!!!
2025-06-06 16:03:50 | INFO     | main            | 🔧 Logger Setup Complete!!
2025-06-06 16:03:50 | INFO     | main            | 🚀 App is starting up...
2025-06-06 16:03:50 | INFO     | main            | 💽 Database tables checked/created successfully!!!
2025-06-06 16:03:56 | INFO     | logger_config   | Logger initialized successfully!!!
2025-06-06 16:03:56 | INFO     | logger_config   | Logger initialized successfully!!!
2025-06-06 16:03:56 | INFO     | main            | 🔧 Logger Setup Complete!!
2025-06-06 16:03:56 | INFO     | main            | 🚀 App is starting up...
2025-06-06 16:03:56 | INFO     | main            | 💽 Database tables checked/created successfully!!!
2025-06-06 16:04:15 | INFO     | logger_config   | Logger initialized successfully!!!
2025-06-06 16:04:15 | INFO     | logger_config   | Logger initialized successfully!!!
2025-06-06 16:04:15 | INFO     | main            | 🔧 Logger Setup Complete!!
2025-06-06 16:04:15 | INFO     | main            | 🚀 App is starting up...
2025-06-06 16:04:15 | INFO     | main            | 💽 Database tables checked/created successfully!!!
2025-06-06 16:04:27 | INFO     | logger_config   | Logger initialized successfully!!!
2025-06-06 16:04:27 | INFO     | logger_config   | Logger initialized successfully!!!
2025-06-06 16:04:27 | INFO     | main            | 🔧 Logger Setup Complete!!
2025-06-06 16:04:27 | INFO     | main            | 🚀 App is starting up...
2025-06-06 16:04:28 | INFO     | main            | 💽 Database tables checked/created successfully!!!
2025-06-06 16:04:36 | INFO     | logger_config   | Logger initialized successfully!!!
2025-06-06 16:04:36 | INFO     | logger_config   | Logger initialized successfully!!!
2025-06-06 16:04:36 | INFO     | main            | 🔧 Logger Setup Complete!!
2025-06-06 16:04:36 | INFO     | main            | 🚀 App is starting up...
2025-06-06 16:04:36 | INFO     | main            | 💽 Database tables checked/created successfully!!!
2025-06-06 16:04:40 | INFO     | logger_config   | Logger initialized successfully!!!
2025-06-06 16:04:40 | INFO     | logger_config   | Logger initialized successfully!!!
2025-06-06 16:04:40 | INFO     | main            | 🔧 Logger Setup Complete!!
2025-06-06 16:04:40 | INFO     | main            | 🚀 App is starting up...
2025-06-06 16:04:40 | INFO     | main            | 💽 Database tables checked/created successfully!!!
2025-06-06 16:04:45 | INFO     | logger_config   | Logger initialized successfully!!!
2025-06-06 16:04:45 | INFO     | logger_config   | Logger initialized successfully!!!
2025-06-06 16:04:45 | INFO     | main            | 🔧 Logger Setup Complete!!
2025-06-06 16:04:45 | INFO     | main            | 🚀 App is starting up...
2025-06-06 16:04:46 | INFO     | main            | 💽 Database tables checked/created successfully!!!
2025-06-06 16:05:07 | INFO     | logger_config   | Logger initialized successfully!!!
2025-06-06 16:05:07 | INFO     | logger_config   | Logger initialized successfully!!!
2025-06-06 16:05:07 | INFO     | main            | 🔧 Logger Setup Complete!!
2025-06-06 16:05:07 | INFO     | main            | 🚀 App is starting up...
2025-06-06 16:05:07 | INFO     | main            | 💽 Database tables checked/created successfully!!!
2025-06-06 16:05:11 | INFO     | logger_config   | Logger initialized successfully!!!
2025-06-06 16:05:11 | INFO     | logger_config   | Logger initialized successfully!!!
2025-06-06 16:05:11 | INFO     | main            | 🔧 Logger Setup Complete!!
2025-06-06 16:05:11 | INFO     | main            | 🚀 App is starting up...
2025-06-06 16:05:11 | INFO     | main            | 💽 Database tables checked/created successfully!!!
2025-06-06 16:05:17 | INFO     | logger_config   | Logger initialized successfully!!!
2025-06-06 16:05:17 | INFO     | logger_config   | Logger initialized successfully!!!
2025-06-06 16:05:17 | INFO     | main            | 🔧 Logger Setup Complete!!
2025-06-06 16:05:17 | INFO     | main            | 🚀 App is starting up...
2025-06-06 16:05:17 | INFO     | main            | 💽 Database tables checked/created successfully!!!
2025-06-06 16:05:21 | INFO     | logger_config   | Logger initialized successfully!!!
2025-06-06 16:05:21 | INFO     | logger_config   | Logger initialized successfully!!!
2025-06-06 16:05:21 | INFO     | main            | 🔧 Logger Setup Complete!!
2025-06-06 16:05:21 | INFO     | main            | 🚀 App is starting up...
2025-06-06 16:05:21 | INFO     | main            | 💽 Database tables checked/created successfully!!!
2025-06-06 16:07:11 | INFO     | logger_config   | Logger initialized successfully!!!
2025-06-06 16:07:11 | INFO     | logger_config   | Logger initialized successfully!!!
2025-06-06 16:07:11 | INFO     | main            | 🔧 Logger Setup Complete!!
2025-06-06 16:07:11 | INFO     | main            | 🚀 App is starting up...
2025-06-06 16:07:11 | INFO     | main            | 💽 Database tables checked/created successfully!!!
2025-06-06 16:07:17 | INFO     | logger_config   | Logger initialized successfully!!!
2025-06-06 16:07:17 | INFO     | logger_config   | Logger initialized successfully!!!
2025-06-06 16:07:17 | INFO     | main            | 🔧 Logger Setup Complete!!
2025-06-06 16:07:17 | INFO     | main            | 🚀 App is starting up...
2025-06-06 16:07:17 | INFO     | main            | 💽 Database tables checked/created successfully!!!
2025-06-06 16:07:27 | INFO     | logger_config   | Logger initialized successfully!!!
2025-06-06 16:07:27 | INFO     | logger_config   | Logger initialized successfully!!!
2025-06-06 16:07:27 | INFO     | main            | 🔧 Logger Setup Complete!!
2025-06-06 16:07:27 | INFO     | main            | 🚀 App is starting up...
2025-06-06 16:07:27 | INFO     | main            | 💽 Database tables checked/created successfully!!!
2025-06-06 16:07:33 | INFO     | logger_config   | Logger initialized successfully!!!
2025-06-06 16:07:33 | INFO     | logger_config   | Logger initialized successfully!!!
2025-06-06 16:07:33 | INFO     | main            | 🔧 Logger Setup Complete!!
2025-06-06 16:07:33 | INFO     | main            | 🚀 App is starting up...
2025-06-06 16:07:33 | INFO     | main            | 💽 Database tables checked/created successfully!!!
2025-06-06 16:07:37 | INFO     | logger_config   | Logger initialized successfully!!!
2025-06-06 16:07:37 | INFO     | logger_config   | Logger initialized successfully!!!
2025-06-06 16:07:37 | INFO     | main            | 🔧 Logger Setup Complete!!
2025-06-06 16:07:37 | INFO     | main            | 🚀 App is starting up...
2025-06-06 16:07:37 | INFO     | main            | 💽 Database tables checked/created successfully!!!
2025-06-06 16:07:43 | INFO     | logger_config   | Logger initialized successfully!!!
2025-06-06 16:07:43 | INFO     | logger_config   | Logger initialized successfully!!!
2025-06-06 16:07:43 | INFO     | main            | 🔧 Logger Setup Complete!!
2025-06-06 16:07:43 | INFO     | main            | 🚀 App is starting up...
2025-06-06 16:07:43 | INFO     | main            | 💽 Database tables checked/created successfully!!!
2025-06-06 16:07:51 | INFO     | logger_config   | Logger initialized successfully!!!
2025-06-06 16:07:51 | INFO     | logger_config   | Logger initialized successfully!!!
2025-06-06 16:07:51 | INFO     | main            | 🔧 Logger Setup Complete!!
2025-06-06 16:07:51 | INFO     | main            | 🚀 App is starting up...
2025-06-06 16:07:51 | INFO     | main            | 💽 Database tables checked/created successfully!!!
2025-06-06 16:07:56 | INFO     | logger_config   | Logger initialized successfully!!!
2025-06-06 16:07:56 | INFO     | logger_config   | Logger initialized successfully!!!
2025-06-06 16:07:56 | INFO     | main            | 🔧 Logger Setup Complete!!
2025-06-06 16:07:56 | INFO     | main            | 🚀 App is starting up...
2025-06-06 16:07:56 | INFO     | main            | 💽 Database tables checked/created successfully!!!
2025-06-06 16:08:00 | INFO     | logger_config   | Logger initialized successfully!!!
2025-06-06 16:08:00 | INFO     | logger_config   | Logger initialized successfully!!!
2025-06-06 16:08:00 | INFO     | main            | 🔧 Logger Setup Complete!!
2025-06-06 16:08:00 | INFO     | main            | 🚀 App is starting up...
2025-06-06 16:08:00 | INFO     | main            | 💽 Database tables checked/created successfully!!!
2025-06-06 16:08:10 | INFO     | logger_config   | Logger initialized successfully!!!
2025-06-06 16:08:10 | INFO     | logger_config   | Logger initialized successfully!!!
2025-06-06 16:08:10 | INFO     | main            | 🔧 Logger Setup Complete!!
2025-06-06 16:08:10 | INFO     | main            | 🚀 App is starting up...
2025-06-06 16:08:10 | INFO     | main            | 💽 Database tables checked/created successfully!!!
2025-06-06 16:08:14 | INFO     | logger_config   | Logger initialized successfully!!!
2025-06-06 16:08:14 | INFO     | logger_config   | Logger initialized successfully!!!
2025-06-06 16:08:14 | INFO     | main            | 🔧 Logger Setup Complete!!
2025-06-06 16:08:14 | INFO     | main            | 🚀 App is starting up...
2025-06-06 16:08:14 | INFO     | main            | 💽 Database tables checked/created successfully!!!
2025-06-06 16:08:47 | INFO     | logger_config   | Logger initialized successfully!!!
2025-06-06 16:08:47 | INFO     | logger_config   | Logger initialized successfully!!!
2025-06-06 16:08:47 | INFO     | main            | 🔧 Logger Setup Complete!!
2025-06-06 16:08:47 | INFO     | main            | 🚀 App is starting up...
2025-06-06 16:08:48 | INFO     | main            | 💽 Database tables checked/created successfully!!!
2025-06-06 16:08:52 | INFO     | logger_config   | Logger initialized successfully!!!
2025-06-06 16:08:52 | INFO     | logger_config   | Logger initialized successfully!!!
2025-06-06 16:08:52 | INFO     | main            | 🔧 Logger Setup Complete!!
2025-06-06 16:08:52 | INFO     | main            | 🚀 App is starting up...
2025-06-06 16:08:52 | INFO     | main            | 💽 Database tables checked/created successfully!!!
2025-06-06 16:08:59 | INFO     | logger_config   | Logger initialized successfully!!!
2025-06-06 16:08:59 | INFO     | logger_config   | Logger initialized successfully!!!
2025-06-06 16:08:59 | INFO     | main            | 🔧 Logger Setup Complete!!
2025-06-06 16:08:59 | INFO     | main            | 🚀 App is starting up...
2025-06-06 16:08:59 | INFO     | main            | 💽 Database tables checked/created successfully!!!
2025-06-06 16:09:09 | INFO     | logger_config   | Logger initialized successfully!!!
2025-06-06 16:09:09 | INFO     | logger_config   | Logger initialized successfully!!!
2025-06-06 16:09:09 | INFO     | main            | 🔧 Logger Setup Complete!!
2025-06-06 16:09:09 | INFO     | main            | 🚀 App is starting up...
2025-06-06 16:09:09 | INFO     | main            | 💽 Database tables checked/created successfully!!!
2025-06-06 16:09:16 | INFO     | logger_config   | Logger initialized successfully!!!
2025-06-06 16:09:16 | INFO     | logger_config   | Logger initialized successfully!!!
2025-06-06 16:09:16 | INFO     | main            | 🔧 Logger Setup Complete!!
2025-06-06 16:09:16 | INFO     | main            | 🚀 App is starting up...
2025-06-06 16:09:17 | INFO     | main            | 💽 Database tables checked/created successfully!!!
2025-06-06 16:09:22 | INFO     | logger_config   | Logger initialized successfully!!!
2025-06-06 16:09:22 | INFO     | logger_config   | Logger initialized successfully!!!
2025-06-06 16:09:22 | INFO     | main            | 🔧 Logger Setup Complete!!
2025-06-06 16:09:22 | INFO     | main            | 🚀 App is starting up...
2025-06-06 16:09:22 | INFO     | main            | 💽 Database tables checked/created successfully!!!
2025-06-06 16:09:42 | INFO     | logger_config   | Logger initialized successfully!!!
2025-06-06 16:09:42 | INFO     | logger_config   | Logger initialized successfully!!!
2025-06-06 16:09:42 | INFO     | main            | 🔧 Logger Setup Complete!!
2025-06-06 16:09:42 | INFO     | main            | 🚀 App is starting up...
2025-06-06 16:09:42 | INFO     | main            | 💽 Database tables checked/created successfully!!!
2025-06-06 16:09:46 | INFO     | logger_config   | Logger initialized successfully!!!
2025-06-06 16:09:46 | INFO     | logger_config   | Logger initialized successfully!!!
2025-06-06 16:09:46 | INFO     | main            | 🔧 Logger Setup Complete!!
2025-06-06 16:09:46 | INFO     | main            | 🚀 App is starting up...
2025-06-06 16:09:46 | INFO     | main            | 💽 Database tables checked/created successfully!!!
2025-06-06 16:09:50 | INFO     | logger_config   | Logger initialized successfully!!!
2025-06-06 16:09:50 | INFO     | logger_config   | Logger initialized successfully!!!
2025-06-06 16:09:50 | INFO     | main            | 🔧 Logger Setup Complete!!
2025-06-06 16:09:50 | INFO     | main            | 🚀 App is starting up...
2025-06-06 16:09:50 | INFO     | main            | 💽 Database tables checked/created successfully!!!
2025-06-06 16:09:56 | INFO     | logger_config   | Logger initialized successfully!!!
2025-06-06 16:09:56 | INFO     | logger_config   | Logger initialized successfully!!!
2025-06-06 16:09:56 | INFO     | main            | 🔧 Logger Setup Complete!!
2025-06-06 16:09:56 | INFO     | main            | 🚀 App is starting up...
2025-06-06 16:09:56 | INFO     | main            | 💽 Database tables checked/created successfully!!!
2025-06-06 16:10:00 | INFO     | logger_config   | Logger initialized successfully!!!
2025-06-06 16:10:00 | INFO     | logger_config   | Logger initialized successfully!!!
2025-06-06 16:10:00 | INFO     | main            | 🔧 Logger Setup Complete!!
2025-06-06 16:10:00 | INFO     | main            | 🚀 App is starting up...
2025-06-06 16:10:00 | INFO     | main            | 💽 Database tables checked/created successfully!!!
2025-06-06 16:10:02 | INFO     | logger_config   | Logger initialized successfully!!!
2025-06-06 16:10:02 | INFO     | logger_config   | Logger initialized successfully!!!
2025-06-06 16:10:02 | INFO     | main            | 🔧 Logger Setup Complete!!
2025-06-06 16:10:02 | INFO     | main            | 🚀 App is starting up...
2025-06-06 16:10:02 | INFO     | main            | 💽 Database tables checked/created successfully!!!
2025-06-06 16:10:20 | INFO     | logger_config   | Logger initialized successfully!!!
2025-06-06 16:10:20 | INFO     | logger_config   | Logger initialized successfully!!!
2025-06-06 16:10:20 | INFO     | main            | 🔧 Logger Setup Complete!!
2025-06-06 16:10:20 | INFO     | main            | 🚀 App is starting up...
2025-06-06 16:10:20 | INFO     | main            | 💽 Database tables checked/created successfully!!!
2025-06-06 16:10:25 | INFO     | logger_config   | Logger initialized successfully!!!
2025-06-06 16:10:25 | INFO     | logger_config   | Logger initialized successfully!!!
2025-06-06 16:10:25 | INFO     | main            | 🔧 Logger Setup Complete!!
2025-06-06 16:10:25 | INFO     | main            | 🚀 App is starting up...
2025-06-06 16:10:25 | INFO     | main            | 💽 Database tables checked/created successfully!!!
2025-06-06 16:10:36 | INFO     | logger_config   | Logger initialized successfully!!!
2025-06-06 16:10:36 | INFO     | logger_config   | Logger initialized successfully!!!
2025-06-06 16:10:36 | INFO     | main            | 🔧 Logger Setup Complete!!
2025-06-06 16:10:36 | INFO     | main            | 🚀 App is starting up...
2025-06-06 16:10:36 | INFO     | main            | 💽 Database tables checked/created successfully!!!
2025-06-06 16:10:39 | INFO     | logger_config   | Logger initialized successfully!!!
2025-06-06 16:10:39 | INFO     | logger_config   | Logger initialized successfully!!!
2025-06-06 16:10:39 | INFO     | main            | 🔧 Logger Setup Complete!!
2025-06-06 16:10:39 | INFO     | main            | 🚀 App is starting up...
2025-06-06 16:10:39 | INFO     | main            | 💽 Database tables checked/created successfully!!!
2025-06-06 16:10:44 | INFO     | logger_config   | Logger initialized successfully!!!
2025-06-06 16:10:44 | INFO     | logger_config   | Logger initialized successfully!!!
2025-06-06 16:10:44 | INFO     | main            | 🔧 Logger Setup Complete!!
2025-06-06 16:10:44 | INFO     | main            | 🚀 App is starting up...
2025-06-06 16:10:44 | INFO     | main            | 💽 Database tables checked/created successfully!!!
2025-06-06 16:10:47 | INFO     | logger_config   | Logger initialized successfully!!!
2025-06-06 16:10:47 | INFO     | logger_config   | Logger initialized successfully!!!
2025-06-06 16:10:47 | INFO     | main            | 🔧 Logger Setup Complete!!
2025-06-06 16:10:47 | INFO     | main            | 🚀 App is starting up...
2025-06-06 16:10:48 | INFO     | main            | 💽 Database tables checked/created successfully!!!
2025-06-06 16:10:51 | INFO     | logger_config   | Logger initialized successfully!!!
2025-06-06 16:10:51 | INFO     | logger_config   | Logger initialized successfully!!!
2025-06-06 16:10:51 | INFO     | main            | 🔧 Logger Setup Complete!!
2025-06-06 16:10:51 | INFO     | main            | 🚀 App is starting up...
2025-06-06 16:10:51 | INFO     | main            | 💽 Database tables checked/created successfully!!!
2025-06-06 16:10:56 | INFO     | logger_config   | Logger initialized successfully!!!
2025-06-06 16:10:56 | INFO     | logger_config   | Logger initialized successfully!!!
2025-06-06 16:10:56 | INFO     | main            | 🔧 Logger Setup Complete!!
2025-06-06 16:10:56 | INFO     | main            | 🚀 App is starting up...
2025-06-06 16:10:56 | INFO     | main            | 💽 Database tables checked/created successfully!!!
2025-06-06 16:11:01 | INFO     | logger_config   | Logger initialized successfully!!!
2025-06-06 16:11:01 | INFO     | logger_config   | Logger initialized successfully!!!
2025-06-06 16:11:01 | INFO     | main            | 🔧 Logger Setup Complete!!
2025-06-06 16:11:01 | INFO     | main            | 🚀 App is starting up...
2025-06-06 16:11:01 | INFO     | main            | 💽 Database tables checked/created successfully!!!
2025-06-06 16:11:06 | INFO     | logger_config   | Logger initialized successfully!!!
2025-06-06 16:11:06 | INFO     | logger_config   | Logger initialized successfully!!!
2025-06-06 16:11:06 | INFO     | main            | 🔧 Logger Setup Complete!!
2025-06-06 16:11:06 | INFO     | main            | 🚀 App is starting up...
2025-06-06 16:11:06 | INFO     | main            | 💽 Database tables checked/created successfully!!!
2025-06-06 16:11:16 | INFO     | logger_config   | Logger initialized successfully!!!
2025-06-06 16:11:16 | INFO     | logger_config   | Logger initialized successfully!!!
2025-06-06 16:11:16 | INFO     | main            | 🔧 Logger Setup Complete!!
2025-06-06 16:11:16 | INFO     | main            | 🚀 App is starting up...
2025-06-06 16:11:16 | INFO     | main            | 💽 Database tables checked/created successfully!!!
2025-06-06 16:11:23 | INFO     | logger_config   | Logger initialized successfully!!!
2025-06-06 16:11:23 | INFO     | logger_config   | Logger initialized successfully!!!
2025-06-06 16:11:23 | INFO     | main            | 🔧 Logger Setup Complete!!
2025-06-06 16:11:23 | INFO     | main            | 🚀 App is starting up...
2025-06-06 16:11:24 | INFO     | main            | 💽 Database tables checked/created successfully!!!
2025-06-06 16:11:28 | INFO     | logger_config   | Logger initialized successfully!!!
2025-06-06 16:11:28 | INFO     | logger_config   | Logger initialized successfully!!!
2025-06-06 16:11:28 | INFO     | main            | 🔧 Logger Setup Complete!!
2025-06-06 16:11:28 | INFO     | main            | 🚀 App is starting up...
2025-06-06 16:11:28 | INFO     | main            | 💽 Database tables checked/created successfully!!!
2025-06-06 16:11:31 | INFO     | logger_config   | Logger initialized successfully!!!
2025-06-06 16:11:31 | INFO     | logger_config   | Logger initialized successfully!!!
2025-06-06 16:11:31 | INFO     | main            | 🔧 Logger Setup Complete!!
2025-06-06 16:11:31 | INFO     | main            | 🚀 App is starting up...
2025-06-06 16:11:31 | INFO     | main            | 💽 Database tables checked/created successfully!!!
2025-06-06 16:11:36 | INFO     | logger_config   | Logger initialized successfully!!!
2025-06-06 16:11:36 | INFO     | logger_config   | Logger initialized successfully!!!
2025-06-06 16:11:36 | INFO     | main            | 🔧 Logger Setup Complete!!
2025-06-06 16:11:36 | INFO     | main            | 🚀 App is starting up...
2025-06-06 16:11:36 | INFO     | main            | 💽 Database tables checked/created successfully!!!
2025-06-06 16:11:40 | INFO     | logger_config   | Logger initialized successfully!!!
2025-06-06 16:11:40 | INFO     | logger_config   | Logger initialized successfully!!!
2025-06-06 16:11:40 | INFO     | main            | 🔧 Logger Setup Complete!!
2025-06-06 16:11:40 | INFO     | main            | 🚀 App is starting up...
2025-06-06 16:11:40 | INFO     | main            | 💽 Database tables checked/created successfully!!!
2025-06-06 16:11:45 | INFO     | logger_config   | Logger initialized successfully!!!
2025-06-06 16:11:45 | INFO     | logger_config   | Logger initialized successfully!!!
2025-06-06 16:11:45 | INFO     | main            | 🔧 Logger Setup Complete!!
2025-06-06 16:11:45 | INFO     | main            | 🚀 App is starting up...
2025-06-06 16:11:45 | INFO     | main            | 💽 Database tables checked/created successfully!!!
2025-06-06 16:11:49 | INFO     | logger_config   | Logger initialized successfully!!!
2025-06-06 16:11:49 | INFO     | logger_config   | Logger initialized successfully!!!
2025-06-06 16:11:49 | INFO     | main            | 🔧 Logger Setup Complete!!
2025-06-06 16:11:49 | INFO     | main            | 🚀 App is starting up...
2025-06-06 16:11:49 | INFO     | main            | 💽 Database tables checked/created successfully!!!
2025-06-06 16:11:58 | INFO     | logger_config   | Logger initialized successfully!!!
2025-06-06 16:11:58 | INFO     | logger_config   | Logger initialized successfully!!!
2025-06-06 16:11:58 | INFO     | main            | 🔧 Logger Setup Complete!!
2025-06-06 16:11:58 | INFO     | main            | 🚀 App is starting up...
2025-06-06 16:11:58 | INFO     | main            | 💽 Database tables checked/created successfully!!!
2025-06-06 16:12:04 | INFO     | logger_config   | Logger initialized successfully!!!
2025-06-06 16:12:04 | INFO     | logger_config   | Logger initialized successfully!!!
2025-06-06 16:12:04 | INFO     | main            | 🔧 Logger Setup Complete!!
2025-06-06 16:12:04 | INFO     | main            | 🚀 App is starting up...
2025-06-06 16:12:04 | INFO     | main            | 💽 Database tables checked/created successfully!!!
2025-06-06 16:12:08 | INFO     | logger_config   | Logger initialized successfully!!!
2025-06-06 16:12:08 | INFO     | logger_config   | Logger initialized successfully!!!
2025-06-06 16:12:08 | INFO     | main            | 🔧 Logger Setup Complete!!
2025-06-06 16:12:08 | INFO     | main            | 🚀 App is starting up...
2025-06-06 16:12:09 | INFO     | main            | 💽 Database tables checked/created successfully!!!
2025-06-06 16:12:29 | INFO     | logger_config   | Logger initialized successfully!!!
2025-06-06 16:12:29 | INFO     | logger_config   | Logger initialized successfully!!!
2025-06-06 16:12:29 | INFO     | main            | 🔧 Logger Setup Complete!!
2025-06-06 16:12:29 | INFO     | main            | 🚀 App is starting up...
2025-06-06 16:12:30 | INFO     | main            | 💽 Database tables checked/created successfully!!!
2025-06-06 16:12:37 | INFO     | logger_config   | Logger initialized successfully!!!
2025-06-06 16:12:37 | INFO     | logger_config   | Logger initialized successfully!!!
2025-06-06 16:12:37 | INFO     | main            | 🔧 Logger Setup Complete!!
2025-06-06 16:12:37 | INFO     | main            | 🚀 App is starting up...
2025-06-06 16:12:37 | INFO     | main            | 💽 Database tables checked/created successfully!!!
2025-06-06 16:12:40 | INFO     | logger_config   | Logger initialized successfully!!!
2025-06-06 16:12:40 | INFO     | logger_config   | Logger initialized successfully!!!
2025-06-06 16:12:40 | INFO     | main            | 🔧 Logger Setup Complete!!
2025-06-06 16:12:40 | INFO     | main            | 🚀 App is starting up...
2025-06-06 16:12:40 | INFO     | main            | 💽 Database tables checked/created successfully!!!
2025-06-06 16:12:44 | INFO     | logger_config   | Logger initialized successfully!!!
2025-06-06 16:12:44 | INFO     | logger_config   | Logger initialized successfully!!!
2025-06-06 16:12:44 | INFO     | main            | 🔧 Logger Setup Complete!!
2025-06-06 16:12:44 | INFO     | main            | 🚀 App is starting up...
2025-06-06 16:12:44 | INFO     | main            | 💽 Database tables checked/created successfully!!!
2025-06-06 16:12:48 | INFO     | logger_config   | Logger initialized successfully!!!
2025-06-06 16:12:48 | INFO     | logger_config   | Logger initialized successfully!!!
2025-06-06 16:12:48 | INFO     | main            | 🔧 Logger Setup Complete!!
2025-06-06 16:12:48 | INFO     | main            | 🚀 App is starting up...
2025-06-06 16:12:48 | INFO     | main            | 💽 Database tables checked/created successfully!!!
2025-06-06 16:12:51 | INFO     | logger_config   | Logger initialized successfully!!!
2025-06-06 16:12:51 | INFO     | logger_config   | Logger initialized successfully!!!
2025-06-06 16:12:51 | INFO     | main            | 🔧 Logger Setup Complete!!
2025-06-06 16:12:51 | INFO     | main            | 🚀 App is starting up...
2025-06-06 16:12:51 | INFO     | main            | 💽 Database tables checked/created successfully!!!
2025-06-06 16:12:54 | INFO     | logger_config   | Logger initialized successfully!!!
2025-06-06 16:12:54 | INFO     | logger_config   | Logger initialized successfully!!!
2025-06-06 16:12:54 | INFO     | main            | 🔧 Logger Setup Complete!!
2025-06-06 16:12:54 | INFO     | main            | 🚀 App is starting up...
2025-06-06 16:12:54 | INFO     | main            | 💽 Database tables checked/created successfully!!!
2025-06-06 16:15:21 | INFO     | logger_config   | Logger initialized successfully!!!
2025-06-06 16:15:21 | INFO     | logger_config   | Logger initialized successfully!!!
2025-06-06 16:15:21 | INFO     | main            | 🔧 Logger Setup Complete!!
2025-06-06 16:15:21 | INFO     | main            | 🚀 App is starting up...
2025-06-06 16:15:21 | INFO     | main            | 💽 Database tables checked/created successfully!!!
2025-06-06 16:15:23 | INFO     | logger_config   | Logger initialized successfully!!!
2025-06-06 16:15:23 | INFO     | logger_config   | Logger initialized successfully!!!
2025-06-06 16:15:23 | INFO     | main            | 🔧 Logger Setup Complete!!
2025-06-06 16:15:23 | INFO     | main            | 🚀 App is starting up...
2025-06-06 16:15:23 | INFO     | main            | 💽 Database tables checked/created successfully!!!
2025-06-06 16:16:28 | INFO     | logger_config   | Logger initialized successfully!!!
2025-06-06 16:16:28 | INFO     | logger_config   | Logger initialized successfully!!!
2025-06-06 16:16:28 | INFO     | main            | 🔧 Logger Setup Complete!!
2025-06-06 16:16:28 | INFO     | main            | 🚀 App is starting up...
2025-06-06 16:16:28 | INFO     | main            | 💽 Database tables checked/created successfully!!!
2025-06-06 16:16:59 | INFO     | logger_config   | Logger initialized successfully!!!
2025-06-06 16:16:59 | INFO     | logger_config   | Logger initialized successfully!!!
2025-06-06 16:16:59 | INFO     | main            | 🔧 Logger Setup Complete!!
2025-06-06 16:16:59 | INFO     | main            | 🚀 App is starting up...
2025-06-06 16:16:59 | INFO     | main            | 💽 Database tables checked/created successfully!!!
2025-06-06 16:17:06 | INFO     | logger_config   | Logger initialized successfully!!!
2025-06-06 16:17:06 | INFO     | logger_config   | Logger initialized successfully!!!
2025-06-06 16:17:06 | INFO     | main            | 🔧 Logger Setup Complete!!
2025-06-06 16:17:06 | INFO     | main            | 🚀 App is starting up...
2025-06-06 16:17:06 | INFO     | main            | 💽 Database tables checked/created successfully!!!
2025-06-06 16:17:10 | INFO     | logger_config   | Logger initialized successfully!!!
2025-06-06 16:17:10 | INFO     | logger_config   | Logger initialized successfully!!!
2025-06-06 16:17:10 | INFO     | main            | 🔧 Logger Setup Complete!!
2025-06-06 16:17:10 | INFO     | main            | 🚀 App is starting up...
2025-06-06 16:17:10 | INFO     | main            | 💽 Database tables checked/created successfully!!!
2025-06-06 16:17:13 | INFO     | logger_config   | Logger initialized successfully!!!
2025-06-06 16:17:13 | INFO     | logger_config   | Logger initialized successfully!!!
2025-06-06 16:17:13 | INFO     | main            | 🔧 Logger Setup Complete!!
2025-06-06 16:17:13 | INFO     | main            | 🚀 App is starting up...
2025-06-06 16:17:13 | INFO     | main            | 💽 Database tables checked/created successfully!!!
2025-06-06 16:17:17 | INFO     | logger_config   | Logger initialized successfully!!!
2025-06-06 16:17:17 | INFO     | logger_config   | Logger initialized successfully!!!
2025-06-06 16:17:17 | INFO     | main            | 🔧 Logger Setup Complete!!
2025-06-06 16:17:17 | INFO     | main            | 🚀 App is starting up...
2025-06-06 16:17:17 | INFO     | main            | 💽 Database tables checked/created successfully!!!
2025-06-06 16:17:21 | INFO     | logger_config   | Logger initialized successfully!!!
2025-06-06 16:17:21 | INFO     | logger_config   | Logger initialized successfully!!!
2025-06-06 16:17:21 | INFO     | main            | 🔧 Logger Setup Complete!!
2025-06-06 16:17:21 | INFO     | main            | 🚀 App is starting up...
2025-06-06 16:17:22 | INFO     | main            | 💽 Database tables checked/created successfully!!!
2025-06-06 16:17:42 | INFO     | logger_config   | Logger initialized successfully!!!
2025-06-06 16:17:42 | INFO     | logger_config   | Logger initialized successfully!!!
2025-06-06 16:17:42 | INFO     | main            | 🔧 Logger Setup Complete!!
2025-06-06 16:17:42 | INFO     | main            | 🚀 App is starting up...
2025-06-06 16:17:42 | INFO     | main            | 💽 Database tables checked/created successfully!!!
2025-06-06 16:17:55 | INFO     | logger_config   | Logger initialized successfully!!!
2025-06-06 16:17:55 | INFO     | logger_config   | Logger initialized successfully!!!
2025-06-06 16:17:55 | INFO     | main            | 🔧 Logger Setup Complete!!
2025-06-06 16:17:55 | INFO     | main            | 🚀 App is starting up...
2025-06-06 16:17:55 | INFO     | main            | 💽 Database tables checked/created successfully!!!
2025-06-06 16:18:01 | INFO     | logger_config   | Logger initialized successfully!!!
2025-06-06 16:18:01 | INFO     | logger_config   | Logger initialized successfully!!!
2025-06-06 16:18:01 | INFO     | main            | 🔧 Logger Setup Complete!!
2025-06-06 16:18:01 | INFO     | main            | 🚀 App is starting up...
2025-06-06 16:18:02 | INFO     | main            | 💽 Database tables checked/created successfully!!!
2025-06-06 16:18:07 | INFO     | logger_config   | Logger initialized successfully!!!
2025-06-06 16:18:07 | INFO     | logger_config   | Logger initialized successfully!!!
2025-06-06 16:18:07 | INFO     | main            | 🔧 Logger Setup Complete!!
2025-06-06 16:18:07 | INFO     | main            | 🚀 App is starting up...
2025-06-06 16:18:08 | INFO     | main            | 💽 Database tables checked/created successfully!!!
2025-06-06 16:18:12 | INFO     | logger_config   | Logger initialized successfully!!!
2025-06-06 16:18:12 | INFO     | logger_config   | Logger initialized successfully!!!
2025-06-06 16:18:12 | INFO     | main            | 🔧 Logger Setup Complete!!
2025-06-06 16:18:12 | INFO     | main            | 🚀 App is starting up...
2025-06-06 16:18:12 | INFO     | main            | 💽 Database tables checked/created successfully!!!
2025-06-06 16:18:19 | INFO     | logger_config   | Logger initialized successfully!!!
2025-06-06 16:18:19 | INFO     | logger_config   | Logger initialized successfully!!!
2025-06-06 16:18:19 | INFO     | main            | 🔧 Logger Setup Complete!!
2025-06-06 16:18:19 | INFO     | main            | 🚀 App is starting up...
2025-06-06 16:18:19 | INFO     | main            | 💽 Database tables checked/created successfully!!!
2025-06-06 16:18:23 | INFO     | logger_config   | Logger initialized successfully!!!
2025-06-06 16:18:23 | INFO     | logger_config   | Logger initialized successfully!!!
2025-06-06 16:18:23 | INFO     | main            | 🔧 Logger Setup Complete!!
2025-06-06 16:18:23 | INFO     | main            | 🚀 App is starting up...
2025-06-06 16:18:23 | INFO     | main            | 💽 Database tables checked/created successfully!!!
2025-06-06 16:18:35 | INFO     | logger_config   | Logger initialized successfully!!!
2025-06-06 16:18:35 | INFO     | logger_config   | Logger initialized successfully!!!
2025-06-06 16:18:35 | INFO     | main            | 🔧 Logger Setup Complete!!
2025-06-06 16:18:35 | INFO     | main            | 🚀 App is starting up...
2025-06-06 16:18:35 | INFO     | main            | 💽 Database tables checked/created successfully!!!
2025-06-06 16:18:41 | INFO     | logger_config   | Logger initialized successfully!!!
2025-06-06 16:18:41 | INFO     | logger_config   | Logger initialized successfully!!!
2025-06-06 16:18:41 | INFO     | main            | 🔧 Logger Setup Complete!!
2025-06-06 16:18:41 | INFO     | main            | 🚀 App is starting up...
2025-06-06 16:18:41 | INFO     | main            | 💽 Database tables checked/created successfully!!!
2025-06-06 16:18:46 | INFO     | logger_config   | Logger initialized successfully!!!
2025-06-06 16:18:46 | INFO     | logger_config   | Logger initialized successfully!!!
2025-06-06 16:18:46 | INFO     | main            | 🔧 Logger Setup Complete!!
2025-06-06 16:18:46 | INFO     | main            | 🚀 App is starting up...
2025-06-06 16:18:46 | INFO     | main            | 💽 Database tables checked/created successfully!!!
2025-06-06 16:18:49 | INFO     | logger_config   | Logger initialized successfully!!!
2025-06-06 16:18:49 | INFO     | logger_config   | Logger initialized successfully!!!
2025-06-06 16:18:49 | INFO     | main            | 🔧 Logger Setup Complete!!
2025-06-06 16:18:49 | INFO     | main            | 🚀 App is starting up...
2025-06-06 16:18:49 | INFO     | main            | 💽 Database tables checked/created successfully!!!
2025-06-06 16:19:01 | INFO     | logger_config   | Logger initialized successfully!!!
2025-06-06 16:19:01 | INFO     | logger_config   | Logger initialized successfully!!!
2025-06-06 16:19:01 | INFO     | main            | 🔧 Logger Setup Complete!!
2025-06-06 16:19:01 | INFO     | main            | 🚀 App is starting up...
2025-06-06 16:19:01 | INFO     | main            | 💽 Database tables checked/created successfully!!!
2025-06-06 16:19:07 | INFO     | logger_config   | Logger initialized successfully!!!
2025-06-06 16:19:07 | INFO     | logger_config   | Logger initialized successfully!!!
2025-06-06 16:19:07 | INFO     | main            | 🔧 Logger Setup Complete!!
2025-06-06 16:19:07 | INFO     | main            | 🚀 App is starting up...
2025-06-06 16:19:07 | INFO     | main            | 💽 Database tables checked/created successfully!!!
2025-06-06 16:19:10 | INFO     | logger_config   | Logger initialized successfully!!!
2025-06-06 16:19:10 | INFO     | logger_config   | Logger initialized successfully!!!
2025-06-06 16:19:10 | INFO     | main            | 🔧 Logger Setup Complete!!
2025-06-06 16:19:10 | INFO     | main            | 🚀 App is starting up...
2025-06-06 16:19:10 | INFO     | main            | 💽 Database tables checked/created successfully!!!
2025-06-06 16:19:19 | INFO     | logger_config   | Logger initialized successfully!!!
2025-06-06 16:19:19 | INFO     | logger_config   | Logger initialized successfully!!!
2025-06-06 16:19:19 | INFO     | main            | 🔧 Logger Setup Complete!!
2025-06-06 16:19:19 | INFO     | main            | 🚀 App is starting up...
2025-06-06 16:19:19 | INFO     | main            | 💽 Database tables checked/created successfully!!!
2025-06-06 16:19:27 | INFO     | logger_config   | Logger initialized successfully!!!
2025-06-06 16:19:27 | INFO     | logger_config   | Logger initialized successfully!!!
2025-06-06 16:19:27 | INFO     | main            | 🔧 Logger Setup Complete!!
2025-06-06 16:19:27 | INFO     | main            | 🚀 App is starting up...
2025-06-06 16:19:27 | INFO     | main            | 💽 Database tables checked/created successfully!!!
2025-06-06 16:19:30 | INFO     | logger_config   | Logger initialized successfully!!!
2025-06-06 16:19:30 | INFO     | logger_config   | Logger initialized successfully!!!
2025-06-06 16:19:30 | INFO     | main            | 🔧 Logger Setup Complete!!
2025-06-06 16:19:30 | INFO     | main            | 🚀 App is starting up...
2025-06-06 16:19:30 | INFO     | main            | 💽 Database tables checked/created successfully!!!
2025-06-06 16:19:34 | INFO     | logger_config   | Logger initialized successfully!!!
2025-06-06 16:19:34 | INFO     | logger_config   | Logger initialized successfully!!!
2025-06-06 16:19:34 | INFO     | main            | 🔧 Logger Setup Complete!!
2025-06-06 16:19:34 | INFO     | main            | 🚀 App is starting up...
2025-06-06 16:19:35 | INFO     | main            | 💽 Database tables checked/created successfully!!!
2025-06-06 16:19:39 | INFO     | logger_config   | Logger initialized successfully!!!
2025-06-06 16:19:39 | INFO     | logger_config   | Logger initialized successfully!!!
2025-06-06 16:19:39 | INFO     | main            | 🔧 Logger Setup Complete!!
2025-06-06 16:19:39 | INFO     | main            | 🚀 App is starting up...
2025-06-06 16:19:39 | INFO     | main            | 💽 Database tables checked/created successfully!!!
2025-06-06 16:19:44 | INFO     | logger_config   | Logger initialized successfully!!!
2025-06-06 16:19:44 | INFO     | logger_config   | Logger initialized successfully!!!
2025-06-06 16:19:44 | INFO     | main            | 🔧 Logger Setup Complete!!
2025-06-06 16:19:44 | INFO     | main            | 🚀 App is starting up...
2025-06-06 16:19:44 | INFO     | main            | 💽 Database tables checked/created successfully!!!
2025-06-06 16:19:49 | INFO     | logger_config   | Logger initialized successfully!!!
2025-06-06 16:19:49 | INFO     | logger_config   | Logger initialized successfully!!!
2025-06-06 16:19:49 | INFO     | main            | 🔧 Logger Setup Complete!!
2025-06-06 16:19:49 | INFO     | main            | 🚀 App is starting up...
2025-06-06 16:19:50 | INFO     | main            | 💽 Database tables checked/created successfully!!!
2025-06-06 16:19:53 | INFO     | logger_config   | Logger initialized successfully!!!
2025-06-06 16:19:53 | INFO     | logger_config   | Logger initialized successfully!!!
2025-06-06 16:19:53 | INFO     | main            | 🔧 Logger Setup Complete!!
2025-06-06 16:19:53 | INFO     | main            | 🚀 App is starting up...
2025-06-06 16:19:53 | INFO     | main            | 💽 Database tables checked/created successfully!!!
2025-06-06 16:19:58 | INFO     | logger_config   | Logger initialized successfully!!!
2025-06-06 16:19:58 | INFO     | logger_config   | Logger initialized successfully!!!
2025-06-06 16:19:58 | INFO     | main            | 🔧 Logger Setup Complete!!
2025-06-06 16:19:58 | INFO     | main            | 🚀 App is starting up...
2025-06-06 16:19:58 | INFO     | main            | 💽 Database tables checked/created successfully!!!
2025-06-06 16:20:24 | INFO     | logger_config   | Logger initialized successfully!!!
2025-06-06 16:20:24 | INFO     | logger_config   | Logger initialized successfully!!!
2025-06-06 16:20:24 | INFO     | main            | 🔧 Logger Setup Complete!!
2025-06-06 16:20:24 | INFO     | main            | 🚀 App is starting up...
2025-06-06 16:20:24 | INFO     | main            | 💽 Database tables checked/created successfully!!!
2025-06-06 16:20:51 | INFO     | logger_config   | Logger initialized successfully!!!
2025-06-06 16:20:51 | INFO     | logger_config   | Logger initialized successfully!!!
2025-06-06 16:20:51 | INFO     | main            | 🔧 Logger Setup Complete!!
2025-06-06 16:20:51 | INFO     | main            | 🚀 App is starting up...
2025-06-06 16:20:51 | INFO     | main            | 💽 Database tables checked/created successfully!!!
2025-06-06 16:21:12 | INFO     | logger_config   | Logger initialized successfully!!!
2025-06-06 16:21:12 | INFO     | logger_config   | Logger initialized successfully!!!
2025-06-06 16:21:12 | INFO     | main            | 🔧 Logger Setup Complete!!
2025-06-06 16:21:12 | INFO     | main            | 🚀 App is starting up...
2025-06-06 16:21:12 | INFO     | main            | 💽 Database tables checked/created successfully!!!
2025-06-06 16:21:21 | INFO     | logger_config   | Logger initialized successfully!!!
2025-06-06 16:21:21 | INFO     | logger_config   | Logger initialized successfully!!!
2025-06-06 16:21:21 | INFO     | main            | 🔧 Logger Setup Complete!!
2025-06-06 16:21:21 | INFO     | main            | 🚀 App is starting up...
2025-06-06 16:21:21 | INFO     | main            | 💽 Database tables checked/created successfully!!!
2025-06-06 16:22:33 | INFO     | logger_config   | Logger initialized successfully!!!
2025-06-06 16:22:33 | INFO     | logger_config   | Logger initialized successfully!!!
2025-06-06 16:22:33 | INFO     | main            | 🔧 Logger Setup Complete!!
2025-06-06 16:22:33 | INFO     | main            | 🚀 App is starting up...
2025-06-06 16:22:33 | INFO     | main            | 💽 Database tables checked/created successfully!!!
2025-06-06 16:23:58 | INFO     | logger_config   | Logger initialized successfully!!!
2025-06-06 16:23:58 | INFO     | logger_config   | Logger initialized successfully!!!
2025-06-06 16:23:58 | INFO     | main            | 🔧 Logger Setup Complete!!
2025-06-06 16:23:58 | INFO     | main            | 🚀 App is starting up...
2025-06-06 16:23:58 | INFO     | main            | 💽 Database tables checked/created successfully!!!
2025-06-06 16:24:18 | INFO     | logger_config   | Logger initialized successfully!!!
2025-06-06 16:24:18 | INFO     | logger_config   | Logger initialized successfully!!!
2025-06-06 16:24:18 | INFO     | main            | 🔧 Logger Setup Complete!!
2025-06-06 16:24:18 | INFO     | main            | 🚀 App is starting up...
2025-06-06 16:24:18 | INFO     | main            | 💽 Database tables checked/created successfully!!!
2025-06-06 16:24:29 | INFO     | logger_config   | Logger initialized successfully!!!
2025-06-06 16:24:29 | INFO     | logger_config   | Logger initialized successfully!!!
2025-06-06 16:24:29 | INFO     | main            | 🔧 Logger Setup Complete!!
2025-06-06 16:24:29 | INFO     | main            | 🚀 App is starting up...
2025-06-06 16:24:29 | INFO     | main            | 💽 Database tables checked/created successfully!!!
2025-06-06 16:24:38 | INFO     | logger_config   | Logger initialized successfully!!!
2025-06-06 16:24:38 | INFO     | logger_config   | Logger initialized successfully!!!
2025-06-06 16:24:38 | INFO     | main            | 🔧 Logger Setup Complete!!
2025-06-06 16:24:38 | INFO     | main            | 🚀 App is starting up...
2025-06-06 16:24:38 | INFO     | main            | 💽 Database tables checked/created successfully!!!
2025-06-06 16:24:49 | INFO     | logger_config   | Logger initialized successfully!!!
2025-06-06 16:24:49 | INFO     | logger_config   | Logger initialized successfully!!!
2025-06-06 16:24:49 | INFO     | main            | 🔧 Logger Setup Complete!!
2025-06-06 16:24:49 | INFO     | main            | 🚀 App is starting up...
2025-06-06 16:24:49 | INFO     | main            | 💽 Database tables checked/created successfully!!!
2025-06-06 16:25:02 | INFO     | logger_config   | Logger initialized successfully!!!
2025-06-06 16:25:02 | INFO     | logger_config   | Logger initialized successfully!!!
2025-06-06 16:25:02 | INFO     | main            | 🔧 Logger Setup Complete!!
2025-06-06 16:25:02 | INFO     | main            | 🚀 App is starting up...
2025-06-06 16:25:02 | INFO     | main            | 💽 Database tables checked/created successfully!!!
2025-06-06 16:25:16 | INFO     | logger_config   | Logger initialized successfully!!!
2025-06-06 16:25:16 | INFO     | logger_config   | Logger initialized successfully!!!
2025-06-06 16:25:16 | INFO     | main            | 🔧 Logger Setup Complete!!
2025-06-06 16:25:16 | INFO     | main            | 🚀 App is starting up...
2025-06-06 16:25:16 | INFO     | main            | 💽 Database tables checked/created successfully!!!
2025-06-06 16:29:00 | INFO     | logger_config   | Logger initialized successfully!!!
2025-06-06 16:29:00 | INFO     | logger_config   | Logger initialized successfully!!!
2025-06-06 16:29:00 | INFO     | main            | 🔧 Logger Setup Complete!!
2025-06-06 16:29:00 | INFO     | main            | 🚀 App is starting up...
2025-06-06 16:29:00 | INFO     | main            | 💽 Database tables checked/created successfully!!!
2025-06-06 16:29:11 | INFO     | logger_config   | Logger initialized successfully!!!
2025-06-06 16:29:11 | INFO     | logger_config   | Logger initialized successfully!!!
2025-06-06 16:29:11 | INFO     | main            | 🔧 Logger Setup Complete!!
2025-06-06 16:29:11 | INFO     | main            | 🚀 App is starting up...
2025-06-06 16:29:11 | INFO     | main            | 💽 Database tables checked/created successfully!!!
2025-06-06 16:29:26 | INFO     | logger_config   | Logger initialized successfully!!!
2025-06-06 16:29:26 | INFO     | logger_config   | Logger initialized successfully!!!
2025-06-06 16:29:26 | INFO     | main            | 🔧 Logger Setup Complete!!
2025-06-06 16:29:26 | INFO     | main            | 🚀 App is starting up...
2025-06-06 16:29:26 | INFO     | main            | 💽 Database tables checked/created successfully!!!
2025-06-06 16:30:07 | INFO     | logger_config   | Logger initialized successfully!!!
2025-06-06 16:30:07 | INFO     | logger_config   | Logger initialized successfully!!!
2025-06-06 16:30:07 | INFO     | main            | 🔧 Logger Setup Complete!!
2025-06-06 16:30:07 | INFO     | main            | 🚀 App is starting up...
2025-06-06 16:30:08 | INFO     | main            | 💽 Database tables checked/created successfully!!!
2025-06-06 16:30:13 | INFO     | logger_config   | Logger initialized successfully!!!
2025-06-06 16:30:13 | INFO     | logger_config   | Logger initialized successfully!!!
2025-06-06 16:30:13 | INFO     | main            | 🔧 Logger Setup Complete!!
2025-06-06 16:30:13 | INFO     | main            | 🚀 App is starting up...
2025-06-06 16:30:13 | INFO     | main            | 💽 Database tables checked/created successfully!!!
2025-06-06 16:30:18 | INFO     | logger_config   | Logger initialized successfully!!!
2025-06-06 16:30:18 | INFO     | logger_config   | Logger initialized successfully!!!
2025-06-06 16:30:18 | INFO     | main            | 🔧 Logger Setup Complete!!
2025-06-06 16:30:18 | INFO     | main            | 🚀 App is starting up...
2025-06-06 16:30:18 | INFO     | main            | 💽 Database tables checked/created successfully!!!
2025-06-06 16:31:09 | INFO     | logger_config   | Logger initialized successfully!!!
2025-06-06 16:31:09 | INFO     | logger_config   | Logger initialized successfully!!!
2025-06-06 16:31:09 | INFO     | main            | 🔧 Logger Setup Complete!!
2025-06-06 16:31:09 | INFO     | main            | 🚀 App is starting up...
2025-06-06 16:31:09 | INFO     | main            | 💽 Database tables checked/created successfully!!!
2025-06-06 16:31:26 | INFO     | logger_config   | Logger initialized successfully!!!
2025-06-06 16:31:26 | INFO     | logger_config   | Logger initialized successfully!!!
2025-06-06 16:31:26 | INFO     | main            | 🔧 Logger Setup Complete!!
2025-06-06 16:31:26 | INFO     | main            | 🚀 App is starting up...
2025-06-06 16:31:27 | INFO     | main            | 💽 Database tables checked/created successfully!!!
2025-06-06 16:31:33 | INFO     | logger_config   | Logger initialized successfully!!!
2025-06-06 16:31:33 | INFO     | logger_config   | Logger initialized successfully!!!
2025-06-06 16:31:33 | INFO     | main            | 🔧 Logger Setup Complete!!
2025-06-06 16:31:33 | INFO     | main            | 🚀 App is starting up...
2025-06-06 16:31:33 | INFO     | main            | 💽 Database tables checked/created successfully!!!
2025-06-06 16:31:36 | INFO     | logger_config   | Logger initialized successfully!!!
2025-06-06 16:31:36 | INFO     | logger_config   | Logger initialized successfully!!!
2025-06-06 16:31:36 | INFO     | main            | 🔧 Logger Setup Complete!!
2025-06-06 16:31:36 | INFO     | main            | 🚀 App is starting up...
2025-06-06 16:31:36 | INFO     | main            | 💽 Database tables checked/created successfully!!!
2025-06-06 16:31:46 | INFO     | logger_config   | Logger initialized successfully!!!
2025-06-06 16:31:46 | INFO     | logger_config   | Logger initialized successfully!!!
2025-06-06 16:31:46 | INFO     | main            | 🔧 Logger Setup Complete!!
2025-06-06 16:31:46 | INFO     | main            | 🚀 App is starting up...
2025-06-06 16:31:46 | INFO     | main            | 💽 Database tables checked/created successfully!!!
2025-06-06 16:31:57 | INFO     | logger_config   | Logger initialized successfully!!!
2025-06-06 16:31:57 | INFO     | logger_config   | Logger initialized successfully!!!
2025-06-06 16:31:57 | INFO     | main            | 🔧 Logger Setup Complete!!
2025-06-06 16:31:57 | INFO     | main            | 🚀 App is starting up...
2025-06-06 16:31:57 | INFO     | main            | 💽 Database tables checked/created successfully!!!
2025-06-06 16:32:05 | INFO     | logger_config   | Logger initialized successfully!!!
2025-06-06 16:32:05 | INFO     | logger_config   | Logger initialized successfully!!!
2025-06-06 16:32:05 | INFO     | main            | 🔧 Logger Setup Complete!!
2025-06-06 16:32:05 | INFO     | main            | 🚀 App is starting up...
2025-06-06 16:32:05 | INFO     | main            | 💽 Database tables checked/created successfully!!!
2025-06-06 16:32:16 | INFO     | logger_config   | Logger initialized successfully!!!
2025-06-06 16:32:16 | INFO     | logger_config   | Logger initialized successfully!!!
2025-06-06 16:32:16 | INFO     | main            | 🔧 Logger Setup Complete!!
2025-06-06 16:32:16 | INFO     | main            | 🚀 App is starting up...
2025-06-06 16:32:16 | INFO     | main            | 💽 Database tables checked/created successfully!!!
2025-06-06 16:32:44 | INFO     | logger_config   | Logger initialized successfully!!!
2025-06-06 16:32:44 | INFO     | logger_config   | Logger initialized successfully!!!
2025-06-06 16:32:44 | INFO     | main            | 🔧 Logger Setup Complete!!
2025-06-06 16:32:44 | INFO     | main            | 🚀 App is starting up...
2025-06-06 16:32:44 | INFO     | main            | 💽 Database tables checked/created successfully!!!
2025-06-06 16:32:59 | INFO     | logger_config   | Logger initialized successfully!!!
2025-06-06 16:32:59 | INFO     | logger_config   | Logger initialized successfully!!!
2025-06-06 16:32:59 | INFO     | main            | 🔧 Logger Setup Complete!!
2025-06-06 16:32:59 | INFO     | main            | 🚀 App is starting up...
2025-06-06 16:32:59 | INFO     | main            | 💽 Database tables checked/created successfully!!!
2025-06-06 16:33:10 | INFO     | logger_config   | Logger initialized successfully!!!
2025-06-06 16:33:10 | INFO     | logger_config   | Logger initialized successfully!!!
2025-06-06 16:33:10 | INFO     | main            | 🔧 Logger Setup Complete!!
2025-06-06 16:33:10 | INFO     | main            | 🚀 App is starting up...
2025-06-06 16:33:10 | INFO     | main            | 💽 Database tables checked/created successfully!!!
2025-06-06 16:33:49 | INFO     | logger_config   | Logger initialized successfully!!!
2025-06-06 16:33:49 | INFO     | logger_config   | Logger initialized successfully!!!
2025-06-06 16:33:49 | INFO     | main            | 🔧 Logger Setup Complete!!
2025-06-06 16:33:49 | INFO     | main            | 🚀 App is starting up...
2025-06-06 16:33:49 | INFO     | main            | 💽 Database tables checked/created successfully!!!
2025-06-06 16:35:07 | INFO     | logger_config   | Logger initialized successfully!!!
2025-06-06 16:35:07 | INFO     | logger_config   | Logger initialized successfully!!!
2025-06-06 16:35:07 | INFO     | main            | 🔧 Logger Setup Complete!!
2025-06-06 16:35:07 | INFO     | main            | 🚀 App is starting up...
2025-06-06 16:35:07 | INFO     | main            | 💽 Database tables checked/created successfully!!!
2025-06-06 16:35:17 | INFO     | logger_config   | Logger initialized successfully!!!
2025-06-06 16:35:17 | INFO     | logger_config   | Logger initialized successfully!!!
2025-06-06 16:35:17 | INFO     | main            | 🔧 Logger Setup Complete!!
2025-06-06 16:35:17 | INFO     | main            | 🚀 App is starting up...
2025-06-06 16:35:17 | INFO     | main            | 💽 Database tables checked/created successfully!!!
2025-06-06 16:35:25 | INFO     | logger_config   | Logger initialized successfully!!!
2025-06-06 16:35:25 | INFO     | logger_config   | Logger initialized successfully!!!
2025-06-06 16:35:25 | INFO     | main            | 🔧 Logger Setup Complete!!
2025-06-06 16:35:25 | INFO     | main            | 🚀 App is starting up...
2025-06-06 16:35:25 | INFO     | main            | 💽 Database tables checked/created successfully!!!
2025-06-06 16:36:07 | INFO     | logger_config   | Logger initialized successfully!!!
2025-06-06 16:36:07 | INFO     | logger_config   | Logger initialized successfully!!!
2025-06-06 16:36:07 | INFO     | main            | 🔧 Logger Setup Complete!!
2025-06-06 16:36:07 | INFO     | main            | 🚀 App is starting up...
2025-06-06 16:36:07 | INFO     | main            | 💽 Database tables checked/created successfully!!!
2025-06-06 16:36:31 | INFO     | logger_config   | Logger initialized successfully!!!
2025-06-06 16:36:31 | INFO     | logger_config   | Logger initialized successfully!!!
2025-06-06 16:36:31 | INFO     | main            | 🔧 Logger Setup Complete!!
2025-06-06 16:36:31 | INFO     | main            | 🚀 App is starting up...
2025-06-06 16:36:31 | INFO     | main            | 💽 Database tables checked/created successfully!!!
2025-06-06 16:36:36 | INFO     | logger_config   | Logger initialized successfully!!!
2025-06-06 16:36:36 | INFO     | logger_config   | Logger initialized successfully!!!
2025-06-06 16:36:36 | INFO     | main            | 🔧 Logger Setup Complete!!
2025-06-06 16:36:36 | INFO     | main            | 🚀 App is starting up...
2025-06-06 16:36:36 | INFO     | main            | 💽 Database tables checked/created successfully!!!
2025-06-06 16:36:44 | INFO     | logger_config   | Logger initialized successfully!!!
2025-06-06 16:36:44 | INFO     | logger_config   | Logger initialized successfully!!!
2025-06-06 16:36:44 | INFO     | main            | 🔧 Logger Setup Complete!!
2025-06-06 16:36:44 | INFO     | main            | 🚀 App is starting up...
2025-06-06 16:36:44 | INFO     | main            | 💽 Database tables checked/created successfully!!!
2025-06-06 16:36:55 | INFO     | logger_config   | Logger initialized successfully!!!
2025-06-06 16:36:55 | INFO     | logger_config   | Logger initialized successfully!!!
2025-06-06 16:36:55 | INFO     | main            | 🔧 Logger Setup Complete!!
2025-06-06 16:36:55 | INFO     | main            | 🚀 App is starting up...
2025-06-06 16:36:55 | INFO     | main            | 💽 Database tables checked/created successfully!!!
2025-06-06 16:44:00 | INFO     | logger_config   | Logger initialized successfully!!!
2025-06-06 16:44:00 | INFO     | logger_config   | Logger initialized successfully!!!
2025-06-06 16:44:00 | INFO     | main            | 🔧 Logger Setup Complete!!
2025-06-06 16:44:00 | INFO     | main            | 🚀 App is starting up...
2025-06-06 16:44:00 | INFO     | main            | 💽 Database tables checked/created successfully!!!
2025-06-06 16:48:43 | INFO     | logger_config   | Logger initialized successfully!!!
2025-06-06 16:48:43 | INFO     | logger_config   | Logger initialized successfully!!!
2025-06-06 16:48:43 | INFO     | main            | 🔧 Logger Setup Complete!!
2025-06-06 16:48:43 | INFO     | main            | 🚀 App is starting up...
2025-06-06 16:48:44 | INFO     | main            | 💽 Database tables checked/created successfully!!!
2025-06-06 16:49:03 | INFO     | logger_config   | Logger initialized successfully!!!
2025-06-06 16:49:03 | INFO     | logger_config   | Logger initialized successfully!!!
2025-06-06 16:49:03 | INFO     | main            | 🔧 Logger Setup Complete!!
2025-06-06 16:49:03 | INFO     | main            | 🚀 App is starting up...
2025-06-06 16:49:03 | INFO     | main            | 💽 Database tables checked/created successfully!!!
2025-06-06 17:07:30 | INFO     | logger_config   | Logger initialized successfully!!!
2025-06-06 17:07:30 | INFO     | logger_config   | Logger initialized successfully!!!
2025-06-06 17:07:30 | INFO     | main            | 🔧 Logger Setup Complete!!
2025-06-06 17:07:30 | INFO     | main            | 🚀 App is starting up...
2025-06-06 17:07:30 | INFO     | main            | 💽 Database tables checked/created successfully!!!
2025-06-06 17:10:12 | INFO     | logger_config   | Logger initialized successfully!!!
2025-06-06 17:10:12 | INFO     | logger_config   | Logger initialized successfully!!!
2025-06-06 17:10:12 | INFO     | main            | 🔧 Logger Setup Complete!!
2025-06-06 17:10:12 | INFO     | main            | 🚀 App is starting up...
2025-06-06 17:10:12 | INFO     | main            | 💽 Database tables checked/created successfully!!!
2025-06-06 17:10:25 | INFO     | logger_config   | Logger initialized successfully!!!
2025-06-06 17:10:25 | INFO     | logger_config   | Logger initialized successfully!!!
2025-06-06 17:10:25 | INFO     | main            | 🔧 Logger Setup Complete!!
2025-06-06 17:10:25 | INFO     | main            | 🚀 App is starting up...
2025-06-06 17:10:26 | INFO     | main            | 💽 Database tables checked/created successfully!!!
2025-06-06 17:15:31 | INFO     | logger_config   | Logger initialized successfully!!!
2025-06-06 17:15:31 | INFO     | logger_config   | Logger initialized successfully!!!
2025-06-06 17:15:31 | INFO     | main            | 🔧 Logger Setup Complete!!
2025-06-06 17:15:31 | INFO     | main            | 🚀 App is starting up...
2025-06-06 17:15:31 | INFO     | main            | 💽 Database tables checked/created successfully!!!
2025-06-06 17:17:30 | INFO     | logger_config   | Logger initialized successfully!!!
2025-06-06 17:17:30 | INFO     | logger_config   | Logger initialized successfully!!!
2025-06-06 17:17:30 | INFO     | main            | 🔧 Logger Setup Complete!!
2025-06-06 17:17:30 | INFO     | main            | 🚀 App is starting up...
2025-06-06 17:17:30 | INFO     | main            | 💽 Database tables checked/created successfully!!!
2025-06-06 17:20:45 | INFO     | logger_config   | Logger initialized successfully!!!
2025-06-06 17:20:45 | INFO     | logger_config   | Logger initialized successfully!!!
2025-06-06 17:20:45 | INFO     | main            | 🔧 Logger Setup Complete!!
2025-06-06 17:20:45 | INFO     | main            | 🚀 App is starting up...
2025-06-06 17:20:45 | INFO     | main            | 💽 Database tables checked/created successfully!!!
2025-06-06 17:20:48 | INFO     | logger_config   | Logger initialized successfully!!!
2025-06-06 17:20:48 | INFO     | logger_config   | Logger initialized successfully!!!
2025-06-06 17:20:48 | INFO     | main            | 🔧 Logger Setup Complete!!
2025-06-06 17:20:48 | INFO     | main            | 🚀 App is starting up...
2025-06-06 17:20:49 | INFO     | main            | 💽 Database tables checked/created successfully!!!
2025-06-06 17:28:09 | INFO     | logger_config   | Logger initialized successfully!!!
2025-06-06 17:28:09 | INFO     | logger_config   | Logger initialized successfully!!!
2025-06-06 17:28:09 | INFO     | main            | 🔧 Logger Setup Complete!!
2025-06-06 17:28:09 | INFO     | main            | 🚀 App is starting up...
2025-06-06 17:28:09 | INFO     | main            | 💽 Database tables checked/created successfully!!!
2025-06-06 17:28:37 | INFO     | logger_config   | Logger initialized successfully!!!
2025-06-06 17:28:37 | INFO     | logger_config   | Logger initialized successfully!!!
2025-06-06 17:28:37 | INFO     | main            | 🔧 Logger Setup Complete!!
2025-06-06 17:28:37 | INFO     | main            | 🚀 App is starting up...
2025-06-06 17:28:37 | INFO     | main            | 💽 Database tables checked/created successfully!!!
2025-06-06 17:31:10 | INFO     | logger_config   | Logger initialized successfully!!!
2025-06-06 17:31:10 | INFO     | logger_config   | Logger initialized successfully!!!
2025-06-06 17:31:10 | INFO     | main            | 🔧 Logger Setup Complete!!
2025-06-06 17:31:10 | INFO     | main            | 🚀 App is starting up...
2025-06-06 17:31:11 | INFO     | main            | 💽 Database tables checked/created successfully!!!
2025-06-07 12:51:05 | INFO     | logger_config   | Logger initialized successfully!!!
2025-06-07 12:51:05 | INFO     | logger_config   | Logger initialized successfully!!!
2025-06-07 12:51:05 | INFO     | main            | 🔧 Logger Setup Complete!!
2025-06-07 12:51:05 | INFO     | main            | 🚀 App is starting up...
2025-06-07 12:51:05 | INFO     | main            | 💽 Database tables checked/created successfully!!!
2025-06-07 13:05:22 | INFO     | logger_config   | Logger initialized successfully!!!
2025-06-07 13:05:22 | INFO     | logger_config   | Logger initialized successfully!!!
2025-06-07 13:05:22 | INFO     | main            | 🔧 Logger Setup Complete!!
2025-06-07 13:05:22 | INFO     | main            | 🚀 App is starting up...
2025-06-07 13:05:22 | INFO     | main            | 💽 Database tables checked/created successfully!!!
2025-06-07 13:10:27 | INFO     | logger_config   | Logger initialized successfully!!!
2025-06-07 13:10:27 | INFO     | logger_config   | Logger initialized successfully!!!
2025-06-07 13:10:27 | INFO     | main            | 🔧 Logger Setup Complete!!
2025-06-07 13:10:27 | INFO     | main            | 🚀 App is starting up...
2025-06-07 13:10:27 | INFO     | main            | 💽 Database tables checked/created successfully!!!
2025-06-07 13:19:46 | INFO     | logger_config   | Logger initialized successfully!!!
2025-06-07 13:19:46 | INFO     | logger_config   | Logger initialized successfully!!!
2025-06-07 13:19:46 | INFO     | main            | 🔧 Logger Setup Complete!!
2025-06-07 13:19:46 | INFO     | main            | 🚀 App is starting up...
2025-06-07 13:19:46 | INFO     | main            | 💽 Database tables checked/created successfully!!!
2025-06-07 15:13:32 | INFO     | logger_config   | Logger initialized successfully!!!
2025-06-07 15:13:32 | INFO     | logger_config   | Logger initialized successfully!!!
2025-06-07 15:13:32 | INFO     | main            | 🔧 Logger Setup Complete!!
2025-06-07 15:13:32 | INFO     | main            | 🚀 App is starting up...
2025-06-07 15:13:32 | INFO     | main            | 💽 Database tables checked/created successfully!!!
2025-06-07 15:15:50 | INFO     | logger_config   | Logger initialized successfully!!!
2025-06-07 15:15:50 | INFO     | logger_config   | Logger initialized successfully!!!
2025-06-07 15:15:50 | INFO     | main            | 🔧 Logger Setup Complete!!
2025-06-07 15:15:50 | INFO     | main            | 🚀 App is starting up...
2025-06-07 15:15:50 | INFO     | main            | 💽 Database tables checked/created successfully!!!
2025-06-07 15:16:45 | INFO     | logger_config   | Logger initialized successfully!!!
2025-06-07 15:16:45 | INFO     | logger_config   | Logger initialized successfully!!!
2025-06-07 15:16:45 | INFO     | main            | 🔧 Logger Setup Complete!!
2025-06-07 15:16:45 | INFO     | main            | 🚀 App is starting up...
2025-06-07 15:16:45 | INFO     | main            | 💽 Database tables checked/created successfully!!!
2025-06-07 15:16:52 | INFO     | logger_config   | Logger initialized successfully!!!
2025-06-07 15:16:52 | INFO     | logger_config   | Logger initialized successfully!!!
2025-06-07 15:16:52 | INFO     | main            | 🔧 Logger Setup Complete!!
2025-06-07 15:16:52 | INFO     | main            | 🚀 App is starting up...
2025-06-07 15:16:52 | INFO     | main            | 💽 Database tables checked/created successfully!!!
2025-06-07 15:16:57 | INFO     | logger_config   | Logger initialized successfully!!!
2025-06-07 15:16:57 | INFO     | logger_config   | Logger initialized successfully!!!
2025-06-07 15:16:57 | INFO     | main            | 🔧 Logger Setup Complete!!
2025-06-07 15:16:57 | INFO     | main            | 🚀 App is starting up...
2025-06-07 15:16:57 | INFO     | main            | 💽 Database tables checked/created successfully!!!
2025-06-07 15:17:02 | INFO     | logger_config   | Logger initialized successfully!!!
2025-06-07 15:17:02 | INFO     | logger_config   | Logger initialized successfully!!!
2025-06-07 15:17:02 | INFO     | main            | 🔧 Logger Setup Complete!!
2025-06-07 15:17:02 | INFO     | main            | 🚀 App is starting up...
2025-06-07 15:17:02 | INFO     | main            | 💽 Database tables checked/created successfully!!!
2025-06-07 15:17:06 | INFO     | logger_config   | Logger initialized successfully!!!
2025-06-07 15:17:06 | INFO     | logger_config   | Logger initialized successfully!!!
2025-06-07 15:17:06 | INFO     | main            | 🔧 Logger Setup Complete!!
2025-06-07 15:17:06 | INFO     | main            | 🚀 App is starting up...
2025-06-07 15:17:06 | INFO     | main            | 💽 Database tables checked/created successfully!!!
2025-06-07 15:17:10 | INFO     | logger_config   | Logger initialized successfully!!!
2025-06-07 15:17:10 | INFO     | logger_config   | Logger initialized successfully!!!
2025-06-07 15:17:10 | INFO     | main            | 🔧 Logger Setup Complete!!
2025-06-07 15:17:10 | INFO     | main            | 🚀 App is starting up...
2025-06-07 15:17:10 | INFO     | main            | 💽 Database tables checked/created successfully!!!
2025-06-07 15:17:15 | INFO     | logger_config   | Logger initialized successfully!!!
2025-06-07 15:17:15 | INFO     | logger_config   | Logger initialized successfully!!!
2025-06-07 15:17:15 | INFO     | main            | 🔧 Logger Setup Complete!!
2025-06-07 15:17:15 | INFO     | main            | 🚀 App is starting up...
2025-06-07 15:17:15 | INFO     | main            | 💽 Database tables checked/created successfully!!!
2025-06-07 15:17:17 | INFO     | logger_config   | Logger initialized successfully!!!
2025-06-07 15:17:18 | INFO     | logger_config   | Logger initialized successfully!!!
2025-06-07 15:17:18 | INFO     | main            | 🔧 Logger Setup Complete!!
2025-06-07 15:17:18 | INFO     | main            | 🚀 App is starting up...
2025-06-07 15:17:18 | INFO     | main            | 💽 Database tables checked/created successfully!!!
2025-06-07 15:17:23 | INFO     | logger_config   | Logger initialized successfully!!!
2025-06-07 15:17:23 | INFO     | logger_config   | Logger initialized successfully!!!
2025-06-07 15:17:23 | INFO     | main            | 🔧 Logger Setup Complete!!
2025-06-07 15:17:23 | INFO     | main            | 🚀 App is starting up...
2025-06-07 15:17:23 | INFO     | main            | 💽 Database tables checked/created successfully!!!
2025-06-07 15:17:27 | INFO     | logger_config   | Logger initialized successfully!!!
2025-06-07 15:17:27 | INFO     | logger_config   | Logger initialized successfully!!!
2025-06-07 15:17:27 | INFO     | main            | 🔧 Logger Setup Complete!!
2025-06-07 15:17:27 | INFO     | main            | 🚀 App is starting up...
2025-06-07 15:17:27 | INFO     | main            | 💽 Database tables checked/created successfully!!!
2025-06-07 15:17:37 | INFO     | logger_config   | Logger initialized successfully!!!
2025-06-07 15:17:37 | INFO     | logger_config   | Logger initialized successfully!!!
2025-06-07 15:17:37 | INFO     | main            | 🔧 Logger Setup Complete!!
2025-06-07 15:17:37 | INFO     | main            | 🚀 App is starting up...
2025-06-07 15:17:37 | INFO     | main            | 💽 Database tables checked/created successfully!!!
2025-06-07 15:17:41 | INFO     | logger_config   | Logger initialized successfully!!!
2025-06-07 15:17:41 | INFO     | logger_config   | Logger initialized successfully!!!
2025-06-07 15:17:41 | INFO     | main            | 🔧 Logger Setup Complete!!
2025-06-07 15:17:41 | INFO     | main            | 🚀 App is starting up...
2025-06-07 15:17:42 | INFO     | main            | 💽 Database tables checked/created successfully!!!
2025-06-07 15:17:51 | INFO     | logger_config   | Logger initialized successfully!!!
2025-06-07 15:17:51 | INFO     | logger_config   | Logger initialized successfully!!!
2025-06-07 15:17:51 | INFO     | main            | 🔧 Logger Setup Complete!!
2025-06-07 15:17:51 | INFO     | main            | 🚀 App is starting up...
2025-06-07 15:17:51 | INFO     | main            | 💽 Database tables checked/created successfully!!!
2025-06-07 15:17:56 | INFO     | logger_config   | Logger initialized successfully!!!
2025-06-07 15:17:56 | INFO     | logger_config   | Logger initialized successfully!!!
2025-06-07 15:17:56 | INFO     | main            | 🔧 Logger Setup Complete!!
2025-06-07 15:17:56 | INFO     | main            | 🚀 App is starting up...
2025-06-07 15:17:56 | INFO     | main            | 💽 Database tables checked/created successfully!!!
2025-06-07 15:18:01 | INFO     | logger_config   | Logger initialized successfully!!!
2025-06-07 15:18:01 | INFO     | logger_config   | Logger initialized successfully!!!
2025-06-07 15:18:01 | INFO     | main            | 🔧 Logger Setup Complete!!
2025-06-07 15:18:01 | INFO     | main            | 🚀 App is starting up...
2025-06-07 15:18:01 | INFO     | main            | 💽 Database tables checked/created successfully!!!
2025-06-07 15:18:08 | INFO     | logger_config   | Logger initialized successfully!!!
2025-06-07 15:18:08 | INFO     | logger_config   | Logger initialized successfully!!!
2025-06-07 15:18:08 | INFO     | main            | 🔧 Logger Setup Complete!!
2025-06-07 15:18:08 | INFO     | main            | 🚀 App is starting up...
2025-06-07 15:18:08 | INFO     | main            | 💽 Database tables checked/created successfully!!!
2025-06-07 15:19:05 | INFO     | logger_config   | Logger initialized successfully!!!
2025-06-07 15:19:05 | INFO     | logger_config   | Logger initialized successfully!!!
2025-06-07 15:19:05 | INFO     | main            | 🔧 Logger Setup Complete!!
2025-06-07 15:19:05 | INFO     | main            | 🚀 App is starting up...
2025-06-07 15:19:05 | INFO     | main            | 💽 Database tables checked/created successfully!!!
2025-06-07 15:19:53 | INFO     | logger_config   | Logger initialized successfully!!!
2025-06-07 15:19:53 | INFO     | logger_config   | Logger initialized successfully!!!
2025-06-07 15:19:53 | INFO     | main            | 🔧 Logger Setup Complete!!
2025-06-07 15:19:53 | INFO     | main            | 🚀 App is starting up...
2025-06-07 15:19:53 | INFO     | main            | 💽 Database tables checked/created successfully!!!
2025-06-07 15:22:29 | INFO     | logger_config   | Logger initialized successfully!!!
2025-06-07 15:22:29 | INFO     | logger_config   | Logger initialized successfully!!!
2025-06-07 15:22:29 | INFO     | main            | 🔧 Logger Setup Complete!!
2025-06-07 15:22:29 | INFO     | main            | 🚀 App is starting up...
2025-06-07 15:22:29 | INFO     | main            | 💽 Database tables checked/created successfully!!!
2025-06-07 15:22:42 | INFO     | logger_config   | Logger initialized successfully!!!
2025-06-07 15:22:42 | INFO     | logger_config   | Logger initialized successfully!!!
2025-06-07 15:22:42 | INFO     | main            | 🔧 Logger Setup Complete!!
2025-06-07 15:22:42 | INFO     | main            | 🚀 App is starting up...
2025-06-07 15:22:42 | INFO     | main            | 💽 Database tables checked/created successfully!!!
2025-06-07 15:22:46 | INFO     | logger_config   | Logger initialized successfully!!!
2025-06-07 15:22:46 | INFO     | logger_config   | Logger initialized successfully!!!
2025-06-07 15:22:46 | INFO     | main            | 🔧 Logger Setup Complete!!
2025-06-07 15:22:46 | INFO     | main            | 🚀 App is starting up...
2025-06-07 15:22:46 | INFO     | main            | 💽 Database tables checked/created successfully!!!
2025-06-07 15:23:01 | INFO     | logger_config   | Logger initialized successfully!!!
2025-06-07 15:23:01 | INFO     | logger_config   | Logger initialized successfully!!!
2025-06-07 15:23:01 | INFO     | main            | 🔧 Logger Setup Complete!!
2025-06-07 15:23:01 | INFO     | main            | 🚀 App is starting up...
2025-06-07 15:23:01 | INFO     | main            | 💽 Database tables checked/created successfully!!!
2025-06-07 15:23:12 | INFO     | logger_config   | Logger initialized successfully!!!
2025-06-07 15:23:13 | INFO     | logger_config   | Logger initialized successfully!!!
2025-06-07 15:23:13 | INFO     | main            | 🔧 Logger Setup Complete!!
2025-06-07 15:23:13 | INFO     | main            | 🚀 App is starting up...
2025-06-07 15:23:13 | INFO     | main            | 💽 Database tables checked/created successfully!!!
2025-06-07 15:23:18 | INFO     | logger_config   | Logger initialized successfully!!!
2025-06-07 15:23:18 | INFO     | logger_config   | Logger initialized successfully!!!
2025-06-07 15:23:18 | INFO     | main            | 🔧 Logger Setup Complete!!
2025-06-07 15:23:18 | INFO     | main            | 🚀 App is starting up...
2025-06-07 15:23:18 | INFO     | main            | 💽 Database tables checked/created successfully!!!
2025-06-07 15:23:27 | INFO     | logger_config   | Logger initialized successfully!!!
2025-06-07 15:23:27 | INFO     | logger_config   | Logger initialized successfully!!!
2025-06-07 15:23:27 | INFO     | main            | 🔧 Logger Setup Complete!!
2025-06-07 15:23:27 | INFO     | main            | 🚀 App is starting up...
2025-06-07 15:23:27 | INFO     | main            | 💽 Database tables checked/created successfully!!!
2025-06-07 15:23:29 | INFO     | logger_config   | Logger initialized successfully!!!
2025-06-07 15:23:29 | INFO     | logger_config   | Logger initialized successfully!!!
2025-06-07 15:23:29 | INFO     | main            | 🔧 Logger Setup Complete!!
2025-06-07 15:23:29 | INFO     | main            | 🚀 App is starting up...
2025-06-07 15:23:29 | INFO     | main            | 💽 Database tables checked/created successfully!!!
2025-06-07 15:23:40 | INFO     | logger_config   | Logger initialized successfully!!!
2025-06-07 15:23:40 | INFO     | logger_config   | Logger initialized successfully!!!
2025-06-07 15:23:40 | INFO     | main            | 🔧 Logger Setup Complete!!
2025-06-07 15:23:40 | INFO     | main            | 🚀 App is starting up...
2025-06-07 15:23:40 | INFO     | main            | 💽 Database tables checked/created successfully!!!
2025-06-07 15:24:12 | INFO     | logger_config   | Logger initialized successfully!!!
2025-06-07 15:24:12 | INFO     | logger_config   | Logger initialized successfully!!!
2025-06-07 15:24:12 | INFO     | main            | 🔧 Logger Setup Complete!!
2025-06-07 15:24:12 | INFO     | main            | 🚀 App is starting up...
2025-06-07 15:24:12 | INFO     | main            | 💽 Database tables checked/created successfully!!!
2025-06-07 16:03:05 | INFO     | logger_config   | Logger initialized successfully!!!
2025-06-07 16:03:05 | INFO     | logger_config   | Logger initialized successfully!!!
2025-06-07 16:03:05 | INFO     | main            | 🔧 Logger Setup Complete!!
2025-06-07 16:03:05 | INFO     | main            | 🚀 App is starting up...
2025-06-07 16:03:05 | INFO     | main            | 💽 Database tables checked/created successfully!!!
